[0.015s] Invoking command in '/home/ubuntu/ros2_ws/rubikpi_ros2/hw_5/build/hw_5': CMAKE_PREFIX_PATH=${CMAKE_PREFIX_PATH}:/home/ubuntu/ros2_ws/install/hw_4:/opt/ros/jazzy /usr/bin/cmake /home/ubuntu/ros2_ws/rubikpi_ros2/hw_5 -DCMAKE_INSTALL_PREFIX=/home/ubuntu/ros2_ws/rubikpi_ros2/hw_5/install/hw_5
[0.182s] -- The C compiler identification is GNU 13.3.0
[0.336s] -- The CXX compiler identification is GNU 13.3.0
[0.390s] -- Detecting C compiler ABI info
[0.623s] -- Detecting C compiler ABI info - done
[0.677s] -- Check for working C compiler: /usr/bin/cc - skipped
[0.680s] -- Detecting C compile features
[0.681s] -- Detecting C compile features - done
[0.701s] -- Detecting CXX compiler ABI info
[0.921s] -- Detecting CXX compiler ABI info - done
[0.969s] -- Check for working CXX compiler: /usr/bin/c++ - skipped
[0.969s] -- Detecting CXX compile features
[0.970s] -- Detecting CXX compile features - done
[0.974s] -- Found ament_cmake: 2.5.4 (/opt/ros/jazzy/share/ament_cmake/cmake)
[1.249s] -- Found Python3: /usr/bin/python3 (found version "3.12.3") found components: Interpreter 
[1.519s] -- Found rosidl_default_generators: 1.6.0 (/opt/ros/jazzy/share/rosidl_default_generators/cmake)
[1.528s] -- Using all available rosidl_typesupport_c: rosidl_typesupport_fastrtps_c;rosidl_typesupport_introspection_c
[1.593s] -- Using all available rosidl_typesupport_cpp: rosidl_typesupport_fastrtps_cpp;rosidl_typesupport_introspection_cpp
[1.645s] -- Found rosidl_adapter: 4.6.6 (/opt/ros/jazzy/share/rosidl_adapter/cmake)
[2.830s] -- Found ament_cmake_ros: 0.12.0 (/opt/ros/jazzy/share/ament_cmake_ros/cmake)
[3.741s] -- Using all available rosidl_typesupport_c: rosidl_typesupport_fastrtps_c;rosidl_typesupport_introspection_c
[4.982s] -- Using all available rosidl_typesupport_cpp: rosidl_typesupport_fastrtps_cpp;rosidl_typesupport_introspection_cpp
[4.998s] -- Found python_cmake_module: 0.11.1 (/opt/ros/jazzy/share/python_cmake_module/cmake)
[5.289s] -- Found PythonExtra: /usr/bin/python3  
[6.177s] -- Found Python3: /usr/bin/python3 (found version "3.12.3") found components: Interpreter Development NumPy Development.Module Development.Embed 
[6.286s] CMake Error at /opt/ros/jazzy/share/ament_cmake_python/cmake/ament_python_install_package.cmake:122 (add_custom_target):
[6.287s]   add_custom_target cannot create target "ament_cmake_python_copy_hw_5"
[6.287s]   because another target with the same name already exists.  The existing
[6.288s]   target is a custom target created in source directory
[6.288s]   "/home/ubuntu/ros2_ws/rubikpi_ros2/hw_5".  See documentation for policy
[6.288s]   CMP0002 for more details.
[6.289s] Call Stack (most recent call first):
[6.289s]   /opt/ros/jazzy/share/ament_cmake_python/cmake/ament_python_install_package.cmake:39 (_ament_cmake_python_install_package)
[6.290s]   CMakeLists.txt:18 (ament_python_install_package)
[6.290s] 
[6.290s] 
[6.291s] CMake Error at /opt/ros/jazzy/share/ament_cmake_python/cmake/ament_python_install_package.cmake:144 (add_custom_target):
[6.291s]   add_custom_target cannot create target "ament_cmake_python_build_hw_5_egg"
[6.291s]   because another target with the same name already exists.  The existing
[6.292s]   target is a custom target created in source directory
[6.292s]   "/home/ubuntu/ros2_ws/rubikpi_ros2/hw_5".  See documentation for policy
[6.293s]   CMP0002 for more details.
[6.293s] Call Stack (most recent call first):
[6.293s]   /opt/ros/jazzy/share/ament_cmake_python/cmake/ament_python_install_package.cmake:39 (_ament_cmake_python_install_package)
[6.294s]   CMakeLists.txt:18 (ament_python_install_package)
[6.294s] 
[6.294s] 
[6.310s] -- Configuring incomplete, errors occurred!
[6.323s] Invoked command in '/home/ubuntu/ros2_ws/rubikpi_ros2/hw_5/build/hw_5' returned '1': CMAKE_PREFIX_PATH=${CMAKE_PREFIX_PATH}:/home/ubuntu/ros2_ws/install/hw_4:/opt/ros/jazzy /usr/bin/cmake /home/ubuntu/ros2_ws/rubikpi_ros2/hw_5 -DCMAKE_INSTALL_PREFIX=/home/ubuntu/ros2_ws/rubikpi_ros2/hw_5/install/hw_5
