[0.155s] DEBUG:colcon:Command line arguments: ['/usr/bin/colcon', 'build', '--packages-select', 'hw_5']
[0.155s] DEBUG:colcon:Parsed command line arguments: Namespace(log_base=None, log_level=None, verb_name='build', build_base='build', install_base='install', merge_install=False, symlink_install=False, test_result_base=None, continue_on_error=False, executor='parallel', parallel_workers=8, event_handlers=None, ignore_user_meta=False, metas=['./colcon.meta'], base_paths=['.'], packages_ignore=None, packages_ignore_regex=None, paths=None, packages_up_to=None, packages_up_to_regex=None, packages_above=None, packages_above_and_dependencies=None, packages_above_depth=None, packages_select_by_dep=None, packages_skip_by_dep=None, packages_skip_up_to=None, packages_select_build_failed=False, packages_skip_build_finished=False, packages_select_test_failures=False, packages_skip_test_passed=False, packages_select=['hw_5'], packages_skip=None, packages_select_regex=None, packages_skip_regex=None, packages_start=None, packages_end=None, allow_overriding=[], cmake_args=None, cmake_target=None, cmake_target_skip_unavailable=False, cmake_clean_cache=False, cmake_clean_first=False, cmake_force_configure=False, ament_cmake_args=None, catkin_cmake_args=None, catkin_skip_building_tests=False, verb_parser=<colcon_defaults.argument_parser.defaults.DefaultArgumentsDecorator object at 0xffffa8f24bc0>, verb_extension=<colcon_core.verb.build.BuildVerb object at 0xffffa90cd760>, main=<bound method BuildVerb.main of <colcon_core.verb.build.BuildVerb object at 0xffffa90cd760>>)
[0.213s] Level 1:colcon.colcon_core.package_discovery:discover_packages(colcon_meta) check parameters
[0.213s] Level 1:colcon.colcon_core.package_discovery:discover_packages(recursive) check parameters
[0.213s] Level 1:colcon.colcon_core.package_discovery:discover_packages(ignore) check parameters
[0.214s] Level 1:colcon.colcon_core.package_discovery:discover_packages(path) check parameters
[0.214s] Level 1:colcon.colcon_core.package_discovery:discover_packages(colcon_meta) discover
[0.214s] Level 1:colcon.colcon_core.package_discovery:discover_packages(recursive) discover
[0.214s] INFO:colcon.colcon_core.package_discovery:Crawling recursively for packages in '/home/ubuntu/ros2_ws/rubikpi_ros2/hw_5'
[0.214s] Level 1:colcon.colcon_core.package_identification:_identify(.) by extensions ['ignore', 'ignore_ament_install']
[0.214s] Level 1:colcon.colcon_core.package_identification:_identify(.) by extension 'ignore'
[0.214s] Level 1:colcon.colcon_core.package_identification:_identify(.) by extension 'ignore_ament_install'
[0.214s] Level 1:colcon.colcon_core.package_identification:_identify(.) by extensions ['colcon_pkg']
[0.214s] Level 1:colcon.colcon_core.package_identification:_identify(.) by extension 'colcon_pkg'
[0.214s] Level 1:colcon.colcon_core.package_identification:_identify(.) by extensions ['colcon_meta']
[0.214s] Level 1:colcon.colcon_core.package_identification:_identify(.) by extension 'colcon_meta'
[0.215s] Level 1:colcon.colcon_core.package_identification:_identify(.) by extensions ['ros']
[0.215s] Level 1:colcon.colcon_core.package_identification:_identify(.) by extension 'ros'
[0.256s] DEBUG:colcon.colcon_core.package_identification:Package '.' with type 'ros.ament_cmake' and name 'hw_5'
[0.256s] Level 1:colcon.colcon_core.package_discovery:discover_packages(recursive) using defaults
[0.256s] Level 1:colcon.colcon_core.package_discovery:discover_packages(ignore) discover
[0.256s] Level 1:colcon.colcon_core.package_discovery:discover_packages(ignore) using defaults
[0.257s] Level 1:colcon.colcon_core.package_discovery:discover_packages(path) discover
[0.257s] Level 1:colcon.colcon_core.package_discovery:discover_packages(path) using defaults
[0.282s] Level 1:colcon.colcon_core.package_discovery:discover_packages(prefix_path) check parameters
[0.282s] Level 1:colcon.colcon_core.package_discovery:discover_packages(prefix_path) discover
[0.284s] WARNING:colcon.colcon_ros.prefix_path.ament:The path '/home/ubuntu/ros2_ws/install/hw_4' in the environment variable AMENT_PREFIX_PATH doesn't exist
[0.286s] DEBUG:colcon.colcon_installed_package_information.package_discovery:Found 5 installed packages in /home/ubuntu/ros2_ws/install
[0.288s] DEBUG:colcon.colcon_installed_package_information.package_discovery:Found 294 installed packages in /opt/ros/jazzy
[0.289s] Level 1:colcon.colcon_core.package_discovery:discover_packages(prefix_path) using defaults
[0.351s] Level 5:colcon.colcon_core.verb:set package 'hw_5' build argument 'cmake_args' from command line to 'None'
[0.351s] Level 5:colcon.colcon_core.verb:set package 'hw_5' build argument 'cmake_target' from command line to 'None'
[0.351s] Level 5:colcon.colcon_core.verb:set package 'hw_5' build argument 'cmake_target_skip_unavailable' from command line to 'False'
[0.351s] Level 5:colcon.colcon_core.verb:set package 'hw_5' build argument 'cmake_clean_cache' from command line to 'False'
[0.351s] Level 5:colcon.colcon_core.verb:set package 'hw_5' build argument 'cmake_clean_first' from command line to 'False'
[0.351s] Level 5:colcon.colcon_core.verb:set package 'hw_5' build argument 'cmake_force_configure' from command line to 'False'
[0.351s] Level 5:colcon.colcon_core.verb:set package 'hw_5' build argument 'ament_cmake_args' from command line to 'None'
[0.351s] Level 5:colcon.colcon_core.verb:set package 'hw_5' build argument 'catkin_cmake_args' from command line to 'None'
[0.351s] Level 5:colcon.colcon_core.verb:set package 'hw_5' build argument 'catkin_skip_building_tests' from command line to 'False'
[0.351s] DEBUG:colcon.colcon_core.verb:Building package 'hw_5' with the following arguments: {'ament_cmake_args': None, 'build_base': '/home/ubuntu/ros2_ws/rubikpi_ros2/hw_5/build/hw_5', 'catkin_cmake_args': None, 'catkin_skip_building_tests': False, 'cmake_args': None, 'cmake_clean_cache': False, 'cmake_clean_first': False, 'cmake_force_configure': False, 'cmake_target': None, 'cmake_target_skip_unavailable': False, 'install_base': '/home/ubuntu/ros2_ws/rubikpi_ros2/hw_5/install/hw_5', 'merge_install': False, 'path': '/home/ubuntu/ros2_ws/rubikpi_ros2/hw_5', 'symlink_install': False, 'test_result_base': None}
[0.352s] INFO:colcon.colcon_core.executor:Executing jobs using 'parallel' executor
[0.353s] DEBUG:colcon.colcon_parallel_executor.executor.parallel:run_until_complete
[0.353s] INFO:colcon.colcon_ros.task.ament_cmake.build:Building ROS package in '/home/ubuntu/ros2_ws/rubikpi_ros2/hw_5' with build type 'ament_cmake'
[0.354s] INFO:colcon.colcon_cmake.task.cmake.build:Building CMake package in '/home/ubuntu/ros2_ws/rubikpi_ros2/hw_5'
[0.357s] INFO:colcon.colcon_core.plugin_system:Skipping extension 'colcon_core.shell.bat': Not used on non-Windows systems
[0.358s] INFO:colcon.colcon_core.shell:Skip shell extension 'powershell' for command environment: Not usable outside of PowerShell
[0.358s] DEBUG:colcon.colcon_core.shell:Skip shell extension 'dsv' for command environment
[0.374s] DEBUG:colcon.colcon_core.event_handler.log_command:Invoking command in '/home/ubuntu/ros2_ws/rubikpi_ros2/hw_5/build/hw_5': CMAKE_PREFIX_PATH=${CMAKE_PREFIX_PATH}:/home/ubuntu/ros2_ws/install/hw_4:/opt/ros/jazzy /usr/bin/cmake /home/ubuntu/ros2_ws/rubikpi_ros2/hw_5 -DCMAKE_INSTALL_PREFIX=/home/ubuntu/ros2_ws/rubikpi_ros2/hw_5/install/hw_5
[2.272s] DEBUG:colcon.colcon_core.event_handler.log_command:Invoked command in '/home/ubuntu/ros2_ws/rubikpi_ros2/hw_5/build/hw_5' returned '0': CMAKE_PREFIX_PATH=${CMAKE_PREFIX_PATH}:/home/ubuntu/ros2_ws/install/hw_4:/opt/ros/jazzy /usr/bin/cmake /home/ubuntu/ros2_ws/rubikpi_ros2/hw_5 -DCMAKE_INSTALL_PREFIX=/home/ubuntu/ros2_ws/rubikpi_ros2/hw_5/install/hw_5
[2.281s] DEBUG:colcon.colcon_core.event_handler.log_command:Invoking command in '/home/ubuntu/ros2_ws/rubikpi_ros2/hw_5/build/hw_5': CMAKE_PREFIX_PATH=${CMAKE_PREFIX_PATH}:/home/ubuntu/ros2_ws/install/hw_4:/opt/ros/jazzy /usr/bin/cmake --build /home/ubuntu/ros2_ws/rubikpi_ros2/hw_5/build/hw_5 -- -j8 -l8
[7.111s] DEBUG:colcon.colcon_core.event_handler.log_command:Invoked command in '/home/ubuntu/ros2_ws/rubikpi_ros2/hw_5/build/hw_5' returned '0': CMAKE_PREFIX_PATH=${CMAKE_PREFIX_PATH}:/home/ubuntu/ros2_ws/install/hw_4:/opt/ros/jazzy /usr/bin/cmake --build /home/ubuntu/ros2_ws/rubikpi_ros2/hw_5/build/hw_5 -- -j8 -l8
[7.137s] DEBUG:colcon.colcon_core.event_handler.log_command:Invoking command in '/home/ubuntu/ros2_ws/rubikpi_ros2/hw_5/build/hw_5': CMAKE_PREFIX_PATH=${CMAKE_PREFIX_PATH}:/home/ubuntu/ros2_ws/install/hw_4:/opt/ros/jazzy /usr/bin/cmake --install /home/ubuntu/ros2_ws/rubikpi_ros2/hw_5/build/hw_5
[7.267s] Level 1:colcon.colcon_core.environment:create_environment_scripts_only(hw_5)
[7.291s] Level 1:colcon.colcon_core.environment:checking '/home/ubuntu/ros2_ws/rubikpi_ros2/hw_5/install/hw_5' for CMake module files
[7.298s] Level 1:colcon.colcon_core.environment:checking '/home/ubuntu/ros2_ws/rubikpi_ros2/hw_5/install/hw_5' for CMake config files
[7.317s] Level 1:colcon.colcon_core.shell:create_environment_hook('hw_5', 'cmake_prefix_path')
[7.318s] INFO:colcon.colcon_core.shell:Creating environment hook '/home/ubuntu/ros2_ws/rubikpi_ros2/hw_5/install/hw_5/share/hw_5/hook/cmake_prefix_path.ps1'
[7.322s] INFO:colcon.colcon_core.shell:Creating environment descriptor '/home/ubuntu/ros2_ws/rubikpi_ros2/hw_5/install/hw_5/share/hw_5/hook/cmake_prefix_path.dsv'
[7.325s] INFO:colcon.colcon_core.shell:Creating environment hook '/home/ubuntu/ros2_ws/rubikpi_ros2/hw_5/install/hw_5/share/hw_5/hook/cmake_prefix_path.sh'
[7.330s] Level 1:colcon.colcon_core.environment:checking '/home/ubuntu/ros2_ws/rubikpi_ros2/hw_5/install/hw_5/lib'
[7.331s] Level 1:colcon.colcon_core.shell:create_environment_hook('hw_5', 'ld_library_path_lib')
[7.332s] INFO:colcon.colcon_core.shell:Creating environment hook '/home/ubuntu/ros2_ws/rubikpi_ros2/hw_5/install/hw_5/share/hw_5/hook/ld_library_path_lib.ps1'
[7.336s] INFO:colcon.colcon_core.shell:Creating environment descriptor '/home/ubuntu/ros2_ws/rubikpi_ros2/hw_5/install/hw_5/share/hw_5/hook/ld_library_path_lib.dsv'
[7.339s] INFO:colcon.colcon_core.shell:Creating environment hook '/home/ubuntu/ros2_ws/rubikpi_ros2/hw_5/install/hw_5/share/hw_5/hook/ld_library_path_lib.sh'
[7.345s] Level 1:colcon.colcon_core.environment:checking '/home/ubuntu/ros2_ws/rubikpi_ros2/hw_5/install/hw_5/bin'
[7.345s] Level 1:colcon.colcon_core.environment:checking '/home/ubuntu/ros2_ws/rubikpi_ros2/hw_5/install/hw_5/lib/pkgconfig/hw_5.pc'
[7.347s] Level 1:colcon.colcon_core.environment:checking '/home/ubuntu/ros2_ws/rubikpi_ros2/hw_5/install/hw_5/lib/python3.12/site-packages'
[7.348s] Level 1:colcon.colcon_core.shell:create_environment_hook('hw_5', 'pythonpath')
[7.349s] INFO:colcon.colcon_core.shell:Creating environment hook '/home/ubuntu/ros2_ws/rubikpi_ros2/hw_5/install/hw_5/share/hw_5/hook/pythonpath.ps1'
[7.352s] INFO:colcon.colcon_core.shell:Creating environment descriptor '/home/ubuntu/ros2_ws/rubikpi_ros2/hw_5/install/hw_5/share/hw_5/hook/pythonpath.dsv'
[7.354s] INFO:colcon.colcon_core.shell:Creating environment hook '/home/ubuntu/ros2_ws/rubikpi_ros2/hw_5/install/hw_5/share/hw_5/hook/pythonpath.sh'
[7.358s] Level 1:colcon.colcon_core.environment:checking '/home/ubuntu/ros2_ws/rubikpi_ros2/hw_5/install/hw_5/bin'
[7.360s] INFO:colcon.colcon_core.shell:Creating package script '/home/ubuntu/ros2_ws/rubikpi_ros2/hw_5/install/hw_5/share/hw_5/package.ps1'
[7.364s] INFO:colcon.colcon_core.shell:Creating package descriptor '/home/ubuntu/ros2_ws/rubikpi_ros2/hw_5/install/hw_5/share/hw_5/package.dsv'
[7.370s] INFO:colcon.colcon_core.shell:Creating package script '/home/ubuntu/ros2_ws/rubikpi_ros2/hw_5/install/hw_5/share/hw_5/package.sh'
[7.375s] INFO:colcon.colcon_core.shell:Creating package script '/home/ubuntu/ros2_ws/rubikpi_ros2/hw_5/install/hw_5/share/hw_5/package.bash'
[7.379s] INFO:colcon.colcon_core.shell:Creating package script '/home/ubuntu/ros2_ws/rubikpi_ros2/hw_5/install/hw_5/share/hw_5/package.zsh'
[7.385s] DEBUG:colcon.colcon_core.event_handler.log_command:Invoked command in '/home/ubuntu/ros2_ws/rubikpi_ros2/hw_5/build/hw_5' returned '0': CMAKE_PREFIX_PATH=${CMAKE_PREFIX_PATH}:/home/ubuntu/ros2_ws/install/hw_4:/opt/ros/jazzy /usr/bin/cmake --install /home/ubuntu/ros2_ws/rubikpi_ros2/hw_5/build/hw_5
[7.386s] Level 1:colcon.colcon_core.environment:create_file_with_runtime_dependencies(/home/ubuntu/ros2_ws/rubikpi_ros2/hw_5/install/hw_5/share/colcon-core/packages/hw_5)
[7.389s] Level 1:colcon.colcon_core.environment:create_environment_scripts_only(hw_5)
[7.391s] Level 1:colcon.colcon_core.environment:checking '/home/ubuntu/ros2_ws/rubikpi_ros2/hw_5/install/hw_5' for CMake module files
[7.395s] Level 1:colcon.colcon_core.environment:checking '/home/ubuntu/ros2_ws/rubikpi_ros2/hw_5/install/hw_5' for CMake config files
[7.398s] Level 1:colcon.colcon_core.shell:create_environment_hook('hw_5', 'cmake_prefix_path')
[7.400s] INFO:colcon.colcon_core.shell:Creating environment hook '/home/ubuntu/ros2_ws/rubikpi_ros2/hw_5/install/hw_5/share/hw_5/hook/cmake_prefix_path.ps1'
[7.402s] INFO:colcon.colcon_core.shell:Creating environment descriptor '/home/ubuntu/ros2_ws/rubikpi_ros2/hw_5/install/hw_5/share/hw_5/hook/cmake_prefix_path.dsv'
[7.403s] INFO:colcon.colcon_core.shell:Creating environment hook '/home/ubuntu/ros2_ws/rubikpi_ros2/hw_5/install/hw_5/share/hw_5/hook/cmake_prefix_path.sh'
[7.405s] Level 1:colcon.colcon_core.environment:checking '/home/ubuntu/ros2_ws/rubikpi_ros2/hw_5/install/hw_5/lib'
[7.405s] Level 1:colcon.colcon_core.shell:create_environment_hook('hw_5', 'ld_library_path_lib')
[7.406s] INFO:colcon.colcon_core.shell:Creating environment hook '/home/ubuntu/ros2_ws/rubikpi_ros2/hw_5/install/hw_5/share/hw_5/hook/ld_library_path_lib.ps1'
[7.407s] INFO:colcon.colcon_core.shell:Creating environment descriptor '/home/ubuntu/ros2_ws/rubikpi_ros2/hw_5/install/hw_5/share/hw_5/hook/ld_library_path_lib.dsv'
[7.407s] INFO:colcon.colcon_core.shell:Creating environment hook '/home/ubuntu/ros2_ws/rubikpi_ros2/hw_5/install/hw_5/share/hw_5/hook/ld_library_path_lib.sh'
[7.408s] Level 1:colcon.colcon_core.environment:checking '/home/ubuntu/ros2_ws/rubikpi_ros2/hw_5/install/hw_5/bin'
[7.409s] Level 1:colcon.colcon_core.environment:checking '/home/ubuntu/ros2_ws/rubikpi_ros2/hw_5/install/hw_5/lib/pkgconfig/hw_5.pc'
[7.409s] Level 1:colcon.colcon_core.environment:checking '/home/ubuntu/ros2_ws/rubikpi_ros2/hw_5/install/hw_5/lib/python3.12/site-packages'
[7.410s] Level 1:colcon.colcon_core.shell:create_environment_hook('hw_5', 'pythonpath')
[7.410s] INFO:colcon.colcon_core.shell:Creating environment hook '/home/ubuntu/ros2_ws/rubikpi_ros2/hw_5/install/hw_5/share/hw_5/hook/pythonpath.ps1'
[7.411s] INFO:colcon.colcon_core.shell:Creating environment descriptor '/home/ubuntu/ros2_ws/rubikpi_ros2/hw_5/install/hw_5/share/hw_5/hook/pythonpath.dsv'
[7.412s] INFO:colcon.colcon_core.shell:Creating environment hook '/home/ubuntu/ros2_ws/rubikpi_ros2/hw_5/install/hw_5/share/hw_5/hook/pythonpath.sh'
[7.413s] Level 1:colcon.colcon_core.environment:checking '/home/ubuntu/ros2_ws/rubikpi_ros2/hw_5/install/hw_5/bin'
[7.413s] INFO:colcon.colcon_core.shell:Creating package script '/home/ubuntu/ros2_ws/rubikpi_ros2/hw_5/install/hw_5/share/hw_5/package.ps1'
[7.414s] INFO:colcon.colcon_core.shell:Creating package descriptor '/home/ubuntu/ros2_ws/rubikpi_ros2/hw_5/install/hw_5/share/hw_5/package.dsv'
[7.416s] INFO:colcon.colcon_core.shell:Creating package script '/home/ubuntu/ros2_ws/rubikpi_ros2/hw_5/install/hw_5/share/hw_5/package.sh'
[7.417s] INFO:colcon.colcon_core.shell:Creating package script '/home/ubuntu/ros2_ws/rubikpi_ros2/hw_5/install/hw_5/share/hw_5/package.bash'
[7.418s] INFO:colcon.colcon_core.shell:Creating package script '/home/ubuntu/ros2_ws/rubikpi_ros2/hw_5/install/hw_5/share/hw_5/package.zsh'
[7.419s] Level 1:colcon.colcon_core.environment:create_file_with_runtime_dependencies(/home/ubuntu/ros2_ws/rubikpi_ros2/hw_5/install/hw_5/share/colcon-core/packages/hw_5)
[7.420s] DEBUG:colcon.colcon_parallel_executor.executor.parallel:closing loop
[7.421s] DEBUG:colcon.colcon_parallel_executor.executor.parallel:loop closed
[7.421s] DEBUG:colcon.colcon_parallel_executor.executor.parallel:run_until_complete finished with '0'
[7.421s] DEBUG:colcon.colcon_core.event_reactor:joining thread
[7.449s] INFO:colcon.colcon_core.plugin_system:Skipping extension 'colcon_notification.desktop_notification.notify_send': Could not find 'notify-send'
[7.449s] INFO:colcon.colcon_core.plugin_system:Skipping extension 'colcon_notification.desktop_notification.terminal_notifier': Not used on non-Darwin systems
[7.450s] INFO:colcon.colcon_core.plugin_system:Skipping extension 'colcon_notification.desktop_notification.win32': Not used on non-Windows systems
[7.450s] INFO:colcon.colcon_notification.desktop_notification:Sending desktop notification using 'notify2'
[7.453s] DEBUG:colcon.colcon_notification.desktop_notification.notify2:Failed to initialize notify2: org.freedesktop.DBus.Error.ServiceUnknown: The name org.freedesktop.Notifications was not provided by any .service files
[7.454s] DEBUG:colcon.colcon_core.event_reactor:joined thread
[7.455s] INFO:colcon.colcon_core.shell:Creating prefix script '/home/ubuntu/ros2_ws/rubikpi_ros2/hw_5/install/local_setup.ps1'
[7.456s] INFO:colcon.colcon_core.shell:Creating prefix util module '/home/ubuntu/ros2_ws/rubikpi_ros2/hw_5/install/_local_setup_util_ps1.py'
[7.459s] INFO:colcon.colcon_core.shell:Creating prefix chain script '/home/ubuntu/ros2_ws/rubikpi_ros2/hw_5/install/setup.ps1'
[7.461s] INFO:colcon.colcon_core.shell:Creating prefix script '/home/ubuntu/ros2_ws/rubikpi_ros2/hw_5/install/local_setup.sh'
[7.462s] INFO:colcon.colcon_core.shell:Creating prefix util module '/home/ubuntu/ros2_ws/rubikpi_ros2/hw_5/install/_local_setup_util_sh.py'
[7.464s] INFO:colcon.colcon_core.shell:Creating prefix chain script '/home/ubuntu/ros2_ws/rubikpi_ros2/hw_5/install/setup.sh'
[7.466s] INFO:colcon.colcon_core.shell:Creating prefix script '/home/ubuntu/ros2_ws/rubikpi_ros2/hw_5/install/local_setup.bash'
[7.467s] INFO:colcon.colcon_core.shell:Creating prefix chain script '/home/ubuntu/ros2_ws/rubikpi_ros2/hw_5/install/setup.bash'
[7.469s] INFO:colcon.colcon_core.shell:Creating prefix script '/home/ubuntu/ros2_ws/rubikpi_ros2/hw_5/install/local_setup.zsh'
[7.470s] INFO:colcon.colcon_core.shell:Creating prefix chain script '/home/ubuntu/ros2_ws/rubikpi_ros2/hw_5/install/setup.zsh'
