-- Found ament_cmake: 2.5.4 (/opt/ros/jazzy/share/ament_cmake/cmake)
-- Found Python3: /usr/bin/python3 (found version "3.12.3") found components: Interpreter 
-- Found rosidl_default_generators: 1.6.0 (/opt/ros/jazzy/share/rosidl_default_generators/cmake)
-- Using all available rosidl_typesupport_c: rosidl_typesupport_fastrtps_c;rosidl_typesupport_introspection_c
-- Using all available rosidl_typesupport_cpp: rosidl_typesupport_fastrtps_cpp;rosidl_typesupport_introspection_cpp
-- Found rosidl_adapter: 4.6.6 (/opt/ros/jazzy/share/rosidl_adapter/cmake)
-- Found ament_cmake_ros: 0.12.0 (/opt/ros/jazzy/share/ament_cmake_ros/cmake)
-- Using all available rosidl_typesupport_c: rosidl_typesupport_fastrtps_c;rosidl_typesupport_introspection_c
-- Using all available rosidl_typesupport_cpp: rosidl_typesupport_fastrtps_cpp;rosidl_typesupport_introspection_cpp
-- Found python_cmake_module: 0.11.1 (/opt/ros/jazzy/share/python_cmake_module/cmake)
-- Found Python3: /usr/bin/python3 (found version "3.12.3") found components: Interpreter Development NumPy Development.Module Development.Embed 
-- Configuring done (1.8s)
-- Generating done (0.0s)
-- Build files have been written to: /home/ubuntu/ros2_ws/rubikpi_ros2/hw_5/build/hw_5
[  2%] Generating type hashes for ROS interfaces
[  2%] Built target ament_cmake_python_copy_hw_5
[  2%] Built target hw_5__rosidl_generator_type_description
[  5%] Generating C code for ROS interfaces
[  8%] Generating C++ code for ROS interfaces
running egg_info
creating hw_5.egg-info
writing hw_5.egg-info/PKG-INFO
writing dependency_links to hw_5.egg-info/dependency_links.txt
writing top-level names to hw_5.egg-info/top_level.txt
writing manifest file 'hw_5.egg-info/SOURCES.txt'
reading manifest file 'hw_5.egg-info/SOURCES.txt'
writing manifest file 'hw_5.egg-info/SOURCES.txt'
[  8%] Built target ament_cmake_python_build_hw_5_egg
[ 11%] Building C object CMakeFiles/hw_5__rosidl_generator_c.dir/rosidl_generator_c/hw_5/srv/detail/get_workspace_bounds__functions.c.o
[ 11%] Built target hw_5__cpp
[ 14%] Building C object CMakeFiles/hw_5__rosidl_generator_c.dir/rosidl_generator_c/hw_5/srv/detail/get_workspace_bounds__description.c.o
[ 17%] Building C object CMakeFiles/hw_5__rosidl_generator_c.dir/rosidl_generator_c/hw_5/srv/detail/get_workspace_bounds__type_support.c.o
[ 20%] Linking C shared library libhw_5__rosidl_generator_c.so
[ 20%] Built target hw_5__rosidl_generator_c
[ 23%] Generating C++ type support for eProsima Fast-RTPS
[ 26%] Generating C type support for eProsima Fast-RTPS
[ 32%] Generating C introspection for ROS interfaces
[ 29%] Generating C++ introspection for ROS interfaces
[ 35%] Generating C++ type support dispatch for ROS interfaces
[ 38%] Generating C type support dispatch for ROS interfaces
[ 41%] Building C object CMakeFiles/hw_5__rosidl_typesupport_introspection_c.dir/rosidl_typesupport_introspection_c/hw_5/srv/detail/get_workspace_bounds__type_support.c.o
[ 44%] Building CXX object CMakeFiles/hw_5__rosidl_typesupport_introspection_cpp.dir/rosidl_typesupport_introspection_cpp/hw_5/srv/detail/get_workspace_bounds__type_support.cpp.o
[ 47%] Linking C shared library libhw_5__rosidl_typesupport_introspection_c.so
[ 50%] Building CXX object CMakeFiles/hw_5__rosidl_typesupport_fastrtps_cpp.dir/rosidl_typesupport_fastrtps_cpp/hw_5/srv/detail/dds_fastrtps/get_workspace_bounds__type_support.cpp.o
[ 52%] Building CXX object CMakeFiles/hw_5__rosidl_typesupport_fastrtps_c.dir/rosidl_typesupport_fastrtps_c/hw_5/srv/detail/get_workspace_bounds__type_support_c.cpp.o
[ 55%] Built target hw_5__rosidl_typesupport_introspection_c
[ 55%] Building CXX object CMakeFiles/hw_5__rosidl_typesupport_cpp.dir/rosidl_typesupport_cpp/hw_5/srv/get_workspace_bounds__type_support.cpp.o
[ 58%] Building CXX object CMakeFiles/hw_5__rosidl_typesupport_c.dir/rosidl_typesupport_c/hw_5/srv/get_workspace_bounds__type_support.cpp.o
[ 61%] Linking CXX shared library libhw_5__rosidl_typesupport_c.so
[ 61%] Built target hw_5__rosidl_typesupport_c
[ 64%] Linking CXX shared library libhw_5__rosidl_typesupport_introspection_cpp.so
[ 67%] Linking CXX shared library libhw_5__rosidl_typesupport_cpp.so
[ 67%] Built target hw_5__rosidl_typesupport_introspection_cpp
[ 67%] Built target hw_5__rosidl_typesupport_cpp
[ 70%] Linking CXX shared library libhw_5__rosidl_typesupport_fastrtps_c.so
[ 70%] Built target hw_5__rosidl_typesupport_fastrtps_c
[ 73%] Linking CXX shared library libhw_5__rosidl_typesupport_fastrtps_cpp.so
[ 73%] Built target hw_5__rosidl_typesupport_fastrtps_cpp
[ 73%] Built target hw_5
[ 76%] Generating Python code for ROS interfaces
[ 76%] Built target hw_5__py
[ 79%] Building C object CMakeFiles/hw_5__rosidl_generator_py.dir/rosidl_generator_py/hw_5/srv/_get_workspace_bounds_s.c.o
[ 82%] Linking C shared library libhw_5__rosidl_generator_py.so
[ 82%] Built target hw_5__rosidl_generator_py
[ 85%] Building C object CMakeFiles/hw_5_s__rosidl_typesupport_c.dir/rosidl_generator_py/hw_5/_hw_5_s.ep.rosidl_typesupport_c.c.o
[ 88%] Building C object CMakeFiles/hw_5_s__rosidl_typesupport_fastrtps_c.dir/rosidl_generator_py/hw_5/_hw_5_s.ep.rosidl_typesupport_fastrtps_c.c.o
[ 91%] Building C object CMakeFiles/hw_5_s__rosidl_typesupport_introspection_c.dir/rosidl_generator_py/hw_5/_hw_5_s.ep.rosidl_typesupport_introspection_c.c.o
[ 94%] Linking C shared module rosidl_generator_py/hw_5/hw_5_s__rosidl_typesupport_c.so
[ 97%] Linking C shared module rosidl_generator_py/hw_5/hw_5_s__rosidl_typesupport_fastrtps_c.so
[100%] Linking C shared module rosidl_generator_py/hw_5/hw_5_s__rosidl_typesupport_introspection_c.so
[100%] Built target hw_5_s__rosidl_typesupport_fastrtps_c
[100%] Built target hw_5_s__rosidl_typesupport_c
[100%] Built target hw_5_s__rosidl_typesupport_introspection_c
-- Install configuration: ""
-- Installing: /home/ubuntu/ros2_ws/rubikpi_ros2/hw_5/install/hw_5/share/ament_index/resource_index/rosidl_interfaces/hw_5
-- Installing: /home/ubuntu/ros2_ws/rubikpi_ros2/hw_5/install/hw_5/share/hw_5/srv/GetWorkspaceBounds.json
-- Installing: /home/ubuntu/ros2_ws/rubikpi_ros2/hw_5/install/hw_5/include/hw_5/hw_5
-- Installing: /home/ubuntu/ros2_ws/rubikpi_ros2/hw_5/install/hw_5/include/hw_5/hw_5/msg
-- Installing: /home/ubuntu/ros2_ws/rubikpi_ros2/hw_5/install/hw_5/include/hw_5/hw_5/msg/rosidl_generator_c__visibility_control.h
-- Installing: /home/ubuntu/ros2_ws/rubikpi_ros2/hw_5/install/hw_5/include/hw_5/hw_5/srv
-- Installing: /home/ubuntu/ros2_ws/rubikpi_ros2/hw_5/install/hw_5/include/hw_5/hw_5/srv/get_workspace_bounds.h
-- Installing: /home/ubuntu/ros2_ws/rubikpi_ros2/hw_5/install/hw_5/include/hw_5/hw_5/srv/detail
-- Installing: /home/ubuntu/ros2_ws/rubikpi_ros2/hw_5/install/hw_5/include/hw_5/hw_5/srv/detail/get_workspace_bounds__type_support.h
-- Installing: /home/ubuntu/ros2_ws/rubikpi_ros2/hw_5/install/hw_5/include/hw_5/hw_5/srv/detail/get_workspace_bounds__description.c
-- Installing: /home/ubuntu/ros2_ws/rubikpi_ros2/hw_5/install/hw_5/include/hw_5/hw_5/srv/detail/get_workspace_bounds__functions.c
-- Installing: /home/ubuntu/ros2_ws/rubikpi_ros2/hw_5/install/hw_5/include/hw_5/hw_5/srv/detail/get_workspace_bounds__struct.h
-- Installing: /home/ubuntu/ros2_ws/rubikpi_ros2/hw_5/install/hw_5/include/hw_5/hw_5/srv/detail/get_workspace_bounds__functions.h
-- Installing: /home/ubuntu/ros2_ws/rubikpi_ros2/hw_5/install/hw_5/include/hw_5/hw_5/srv/detail/get_workspace_bounds__type_support.c
-- Installing: /home/ubuntu/ros2_ws/rubikpi_ros2/hw_5/install/hw_5/share/hw_5/environment/library_path.sh
-- Installing: /home/ubuntu/ros2_ws/rubikpi_ros2/hw_5/install/hw_5/share/hw_5/environment/library_path.dsv
-- Installing: /home/ubuntu/ros2_ws/rubikpi_ros2/hw_5/install/hw_5/lib/libhw_5__rosidl_generator_c.so
-- Set non-toolchain portion of runtime path of "/home/ubuntu/ros2_ws/rubikpi_ros2/hw_5/install/hw_5/lib/libhw_5__rosidl_generator_c.so" to ""
-- Up-to-date: /home/ubuntu/ros2_ws/rubikpi_ros2/hw_5/install/hw_5/include/hw_5/hw_5
-- Up-to-date: /home/ubuntu/ros2_ws/rubikpi_ros2/hw_5/install/hw_5/include/hw_5/hw_5/msg
-- Installing: /home/ubuntu/ros2_ws/rubikpi_ros2/hw_5/install/hw_5/include/hw_5/hw_5/msg/rosidl_typesupport_fastrtps_c__visibility_control.h
-- Up-to-date: /home/ubuntu/ros2_ws/rubikpi_ros2/hw_5/install/hw_5/include/hw_5/hw_5/srv
-- Up-to-date: /home/ubuntu/ros2_ws/rubikpi_ros2/hw_5/install/hw_5/include/hw_5/hw_5/srv/detail
-- Installing: /home/ubuntu/ros2_ws/rubikpi_ros2/hw_5/install/hw_5/include/hw_5/hw_5/srv/detail/get_workspace_bounds__rosidl_typesupport_fastrtps_c.h
-- Installing: /home/ubuntu/ros2_ws/rubikpi_ros2/hw_5/install/hw_5/lib/libhw_5__rosidl_typesupport_fastrtps_c.so
-- Set non-toolchain portion of runtime path of "/home/ubuntu/ros2_ws/rubikpi_ros2/hw_5/install/hw_5/lib/libhw_5__rosidl_typesupport_fastrtps_c.so" to ""
-- Up-to-date: /home/ubuntu/ros2_ws/rubikpi_ros2/hw_5/install/hw_5/include/hw_5/hw_5
-- Up-to-date: /home/ubuntu/ros2_ws/rubikpi_ros2/hw_5/install/hw_5/include/hw_5/hw_5/msg
-- Installing: /home/ubuntu/ros2_ws/rubikpi_ros2/hw_5/install/hw_5/include/hw_5/hw_5/msg/rosidl_typesupport_introspection_c__visibility_control.h
-- Up-to-date: /home/ubuntu/ros2_ws/rubikpi_ros2/hw_5/install/hw_5/include/hw_5/hw_5/srv
-- Up-to-date: /home/ubuntu/ros2_ws/rubikpi_ros2/hw_5/install/hw_5/include/hw_5/hw_5/srv/detail
-- Installing: /home/ubuntu/ros2_ws/rubikpi_ros2/hw_5/install/hw_5/include/hw_5/hw_5/srv/detail/get_workspace_bounds__rosidl_typesupport_introspection_c.h
-- Up-to-date: /home/ubuntu/ros2_ws/rubikpi_ros2/hw_5/install/hw_5/include/hw_5/hw_5/srv/detail/get_workspace_bounds__type_support.c
-- Installing: /home/ubuntu/ros2_ws/rubikpi_ros2/hw_5/install/hw_5/lib/libhw_5__rosidl_typesupport_introspection_c.so
-- Set non-toolchain portion of runtime path of "/home/ubuntu/ros2_ws/rubikpi_ros2/hw_5/install/hw_5/lib/libhw_5__rosidl_typesupport_introspection_c.so" to ""
-- Installing: /home/ubuntu/ros2_ws/rubikpi_ros2/hw_5/install/hw_5/lib/libhw_5__rosidl_typesupport_c.so
-- Set non-toolchain portion of runtime path of "/home/ubuntu/ros2_ws/rubikpi_ros2/hw_5/install/hw_5/lib/libhw_5__rosidl_typesupport_c.so" to ""
-- Up-to-date: /home/ubuntu/ros2_ws/rubikpi_ros2/hw_5/install/hw_5/include/hw_5/hw_5
-- Up-to-date: /home/ubuntu/ros2_ws/rubikpi_ros2/hw_5/install/hw_5/include/hw_5/hw_5/msg
-- Installing: /home/ubuntu/ros2_ws/rubikpi_ros2/hw_5/install/hw_5/include/hw_5/hw_5/msg/rosidl_generator_cpp__visibility_control.hpp
-- Up-to-date: /home/ubuntu/ros2_ws/rubikpi_ros2/hw_5/install/hw_5/include/hw_5/hw_5/srv
-- Up-to-date: /home/ubuntu/ros2_ws/rubikpi_ros2/hw_5/install/hw_5/include/hw_5/hw_5/srv/detail
-- Installing: /home/ubuntu/ros2_ws/rubikpi_ros2/hw_5/install/hw_5/include/hw_5/hw_5/srv/detail/get_workspace_bounds__builder.hpp
-- Installing: /home/ubuntu/ros2_ws/rubikpi_ros2/hw_5/install/hw_5/include/hw_5/hw_5/srv/detail/get_workspace_bounds__struct.hpp
-- Installing: /home/ubuntu/ros2_ws/rubikpi_ros2/hw_5/install/hw_5/include/hw_5/hw_5/srv/detail/get_workspace_bounds__traits.hpp
-- Installing: /home/ubuntu/ros2_ws/rubikpi_ros2/hw_5/install/hw_5/include/hw_5/hw_5/srv/detail/get_workspace_bounds__type_support.hpp
-- Installing: /home/ubuntu/ros2_ws/rubikpi_ros2/hw_5/install/hw_5/include/hw_5/hw_5/srv/get_workspace_bounds.hpp
-- Up-to-date: /home/ubuntu/ros2_ws/rubikpi_ros2/hw_5/install/hw_5/include/hw_5/hw_5
-- Up-to-date: /home/ubuntu/ros2_ws/rubikpi_ros2/hw_5/install/hw_5/include/hw_5/hw_5/msg
-- Installing: /home/ubuntu/ros2_ws/rubikpi_ros2/hw_5/install/hw_5/include/hw_5/hw_5/msg/rosidl_typesupport_fastrtps_cpp__visibility_control.h
-- Up-to-date: /home/ubuntu/ros2_ws/rubikpi_ros2/hw_5/install/hw_5/include/hw_5/hw_5/srv
-- Up-to-date: /home/ubuntu/ros2_ws/rubikpi_ros2/hw_5/install/hw_5/include/hw_5/hw_5/srv/detail
-- Installing: /home/ubuntu/ros2_ws/rubikpi_ros2/hw_5/install/hw_5/include/hw_5/hw_5/srv/detail/dds_fastrtps
-- Installing: /home/ubuntu/ros2_ws/rubikpi_ros2/hw_5/install/hw_5/include/hw_5/hw_5/srv/detail/get_workspace_bounds__rosidl_typesupport_fastrtps_cpp.hpp
-- Installing: /home/ubuntu/ros2_ws/rubikpi_ros2/hw_5/install/hw_5/lib/libhw_5__rosidl_typesupport_fastrtps_cpp.so
-- Set non-toolchain portion of runtime path of "/home/ubuntu/ros2_ws/rubikpi_ros2/hw_5/install/hw_5/lib/libhw_5__rosidl_typesupport_fastrtps_cpp.so" to ""
-- Up-to-date: /home/ubuntu/ros2_ws/rubikpi_ros2/hw_5/install/hw_5/include/hw_5/hw_5
-- Up-to-date: /home/ubuntu/ros2_ws/rubikpi_ros2/hw_5/install/hw_5/include/hw_5/hw_5/srv
-- Up-to-date: /home/ubuntu/ros2_ws/rubikpi_ros2/hw_5/install/hw_5/include/hw_5/hw_5/srv/detail
-- Installing: /home/ubuntu/ros2_ws/rubikpi_ros2/hw_5/install/hw_5/include/hw_5/hw_5/srv/detail/get_workspace_bounds__rosidl_typesupport_introspection_cpp.hpp
-- Installing: /home/ubuntu/ros2_ws/rubikpi_ros2/hw_5/install/hw_5/include/hw_5/hw_5/srv/detail/get_workspace_bounds__type_support.cpp
-- Installing: /home/ubuntu/ros2_ws/rubikpi_ros2/hw_5/install/hw_5/lib/libhw_5__rosidl_typesupport_introspection_cpp.so
-- Set non-toolchain portion of runtime path of "/home/ubuntu/ros2_ws/rubikpi_ros2/hw_5/install/hw_5/lib/libhw_5__rosidl_typesupport_introspection_cpp.so" to ""
-- Installing: /home/ubuntu/ros2_ws/rubikpi_ros2/hw_5/install/hw_5/lib/libhw_5__rosidl_typesupport_cpp.so
-- Set non-toolchain portion of runtime path of "/home/ubuntu/ros2_ws/rubikpi_ros2/hw_5/install/hw_5/lib/libhw_5__rosidl_typesupport_cpp.so" to ""
-- Installing: /home/ubuntu/ros2_ws/rubikpi_ros2/hw_5/install/hw_5/share/hw_5/environment/pythonpath.sh
-- Installing: /home/ubuntu/ros2_ws/rubikpi_ros2/hw_5/install/hw_5/share/hw_5/environment/pythonpath.dsv
-- Installing: /home/ubuntu/ros2_ws/rubikpi_ros2/hw_5/install/hw_5/lib/python3.12/site-packages/hw_5-0.0.0-py3.12.egg-info
-- Installing: /home/ubuntu/ros2_ws/rubikpi_ros2/hw_5/install/hw_5/lib/python3.12/site-packages/hw_5-0.0.0-py3.12.egg-info/PKG-INFO
-- Installing: /home/ubuntu/ros2_ws/rubikpi_ros2/hw_5/install/hw_5/lib/python3.12/site-packages/hw_5-0.0.0-py3.12.egg-info/top_level.txt
-- Installing: /home/ubuntu/ros2_ws/rubikpi_ros2/hw_5/install/hw_5/lib/python3.12/site-packages/hw_5-0.0.0-py3.12.egg-info/dependency_links.txt
-- Installing: /home/ubuntu/ros2_ws/rubikpi_ros2/hw_5/install/hw_5/lib/python3.12/site-packages/hw_5-0.0.0-py3.12.egg-info/SOURCES.txt
-- Installing: /home/ubuntu/ros2_ws/rubikpi_ros2/hw_5/install/hw_5/lib/python3.12/site-packages/hw_5
-- Installing: /home/ubuntu/ros2_ws/rubikpi_ros2/hw_5/install/hw_5/lib/python3.12/site-packages/hw_5/_hw_5_s.ep.rosidl_typesupport_fastrtps_c.c
-- Installing: /home/ubuntu/ros2_ws/rubikpi_ros2/hw_5/install/hw_5/lib/python3.12/site-packages/hw_5/__init__.py
-- Installing: /home/ubuntu/ros2_ws/rubikpi_ros2/hw_5/install/hw_5/lib/python3.12/site-packages/hw_5/_hw_5_s.ep.rosidl_typesupport_introspection_c.c
-- Installing: /home/ubuntu/ros2_ws/rubikpi_ros2/hw_5/install/hw_5/lib/python3.12/site-packages/hw_5/_hw_5_s.ep.rosidl_typesupport_c.c
-- Installing: /home/ubuntu/ros2_ws/rubikpi_ros2/hw_5/install/hw_5/lib/python3.12/site-packages/hw_5/hw_5_s__rosidl_typesupport_introspection_c.so
-- Installing: /home/ubuntu/ros2_ws/rubikpi_ros2/hw_5/install/hw_5/lib/python3.12/site-packages/hw_5/hw_5_s__rosidl_typesupport_fastrtps_c.so
-- Installing: /home/ubuntu/ros2_ws/rubikpi_ros2/hw_5/install/hw_5/lib/python3.12/site-packages/hw_5/srv
-- Installing: /home/ubuntu/ros2_ws/rubikpi_ros2/hw_5/install/hw_5/lib/python3.12/site-packages/hw_5/srv/__init__.py
-- Installing: /home/ubuntu/ros2_ws/rubikpi_ros2/hw_5/install/hw_5/lib/python3.12/site-packages/hw_5/srv/_get_workspace_bounds.py
-- Installing: /home/ubuntu/ros2_ws/rubikpi_ros2/hw_5/install/hw_5/lib/python3.12/site-packages/hw_5/srv/_get_workspace_bounds_s.c
-- Installing: /home/ubuntu/ros2_ws/rubikpi_ros2/hw_5/install/hw_5/lib/python3.12/site-packages/hw_5/hw_5_s__rosidl_typesupport_c.so
Listing '/home/ubuntu/ros2_ws/rubikpi_ros2/hw_5/install/hw_5/lib/python3.12/site-packages/hw_5'...
Compiling '/home/ubuntu/ros2_ws/rubikpi_ros2/hw_5/install/hw_5/lib/python3.12/site-packages/hw_5/__init__.py'...
Listing '/home/ubuntu/ros2_ws/rubikpi_ros2/hw_5/install/hw_5/lib/python3.12/site-packages/hw_5/srv'...
Compiling '/home/ubuntu/ros2_ws/rubikpi_ros2/hw_5/install/hw_5/lib/python3.12/site-packages/hw_5/srv/__init__.py'...
Compiling '/home/ubuntu/ros2_ws/rubikpi_ros2/hw_5/install/hw_5/lib/python3.12/site-packages/hw_5/srv/_get_workspace_bounds.py'...
-- Installing: /home/ubuntu/ros2_ws/rubikpi_ros2/hw_5/install/hw_5/lib/python3.12/site-packages/hw_5/hw_5_s__rosidl_typesupport_fastrtps_c.so
-- Set non-toolchain portion of runtime path of "/home/ubuntu/ros2_ws/rubikpi_ros2/hw_5/install/hw_5/lib/python3.12/site-packages/hw_5/hw_5_s__rosidl_typesupport_fastrtps_c.so" to ""
-- Installing: /home/ubuntu/ros2_ws/rubikpi_ros2/hw_5/install/hw_5/lib/python3.12/site-packages/hw_5/hw_5_s__rosidl_typesupport_introspection_c.so
-- Set non-toolchain portion of runtime path of "/home/ubuntu/ros2_ws/rubikpi_ros2/hw_5/install/hw_5/lib/python3.12/site-packages/hw_5/hw_5_s__rosidl_typesupport_introspection_c.so" to ""
-- Installing: /home/ubuntu/ros2_ws/rubikpi_ros2/hw_5/install/hw_5/lib/python3.12/site-packages/hw_5/hw_5_s__rosidl_typesupport_c.so
-- Set non-toolchain portion of runtime path of "/home/ubuntu/ros2_ws/rubikpi_ros2/hw_5/install/hw_5/lib/python3.12/site-packages/hw_5/hw_5_s__rosidl_typesupport_c.so" to ""
-- Installing: /home/ubuntu/ros2_ws/rubikpi_ros2/hw_5/install/hw_5/lib/libhw_5__rosidl_generator_py.so
-- Set non-toolchain portion of runtime path of "/home/ubuntu/ros2_ws/rubikpi_ros2/hw_5/install/hw_5/lib/libhw_5__rosidl_generator_py.so" to ""
-- Installing: /home/ubuntu/ros2_ws/rubikpi_ros2/hw_5/install/hw_5/share/hw_5/srv/GetWorkspaceBounds.idl
-- Installing: /home/ubuntu/ros2_ws/rubikpi_ros2/hw_5/install/hw_5/share/hw_5/srv/GetWorkspaceBounds.srv
-- Up-to-date: /home/ubuntu/ros2_ws/rubikpi_ros2/hw_5/install/hw_5/lib/python3.12/site-packages/hw_5
-- Installing: /home/ubuntu/ros2_ws/rubikpi_ros2/hw_5/install/hw_5/lib/python3.12/site-packages/hw_5/__init__.py
-- Installing: /home/ubuntu/ros2_ws/rubikpi_ros2/hw_5/install/hw_5/lib/python3.12/site-packages/hw_5/camera_tf.py
-- Installing: /home/ubuntu/ros2_ws/rubikpi_ros2/hw_5/install/hw_5/lib/python3.12/site-packages/hw_5/ekf_slam_core.py
-- Installing: /home/ubuntu/ros2_ws/rubikpi_ros2/hw_5/install/hw_5/lib/python3.12/site-packages/hw_5/ekf_slam_node.py
-- Installing: /home/ubuntu/ros2_ws/rubikpi_ros2/hw_5/install/hw_5/lib/python3.12/site-packages/hw_5/velocity_mapping.py
-- Installing: /home/ubuntu/ros2_ws/rubikpi_ros2/hw_5/install/hw_5/lib/python3.12/site-packages/hw_5/plot_slam_results.py
-- Installing: /home/ubuntu/ros2_ws/rubikpi_ros2/hw_5/install/hw_5/lib/python3.12/site-packages/hw_5/motor_control.py
-- Installing: /home/ubuntu/ros2_ws/rubikpi_ros2/hw_5/install/hw_5/lib/python3.12/site-packages/hw_5/hw5.py
-- Up-to-date: /home/ubuntu/ros2_ws/rubikpi_ros2/hw_5/install/hw_5/lib/python3.12/site-packages/hw_5/__pycache__
-- Installing: /home/ubuntu/ros2_ws/rubikpi_ros2/hw_5/install/hw_5/lib/hw_5/motor_control.py
-- Installing: /home/ubuntu/ros2_ws/rubikpi_ros2/hw_5/install/hw_5/lib/hw_5/velocity_mapping.py
-- Installing: /home/ubuntu/ros2_ws/rubikpi_ros2/hw_5/install/hw_5/lib/hw_5/hw5.py
-- Installing: /home/ubuntu/ros2_ws/rubikpi_ros2/hw_5/install/hw_5/lib/hw_5/camera_tf.py
-- Installing: /home/ubuntu/ros2_ws/rubikpi_ros2/hw_5/install/hw_5/lib/hw_5/ekf_slam_node.py
-- Installing: /home/ubuntu/ros2_ws/rubikpi_ros2/hw_5/install/hw_5/share/hw_5/launch/
-- Installing: /home/ubuntu/ros2_ws/rubikpi_ros2/hw_5/install/hw_5/share/hw_5/launch//hw5.launch.py
-- Installing: /home/ubuntu/ros2_ws/rubikpi_ros2/hw_5/install/hw_5/share/hw_5/launch//ekf_slam.launch.py
-- Installing: /home/ubuntu/ros2_ws/rubikpi_ros2/hw_5/install/hw_5/share/hw_5/configs/
-- Installing: /home/ubuntu/ros2_ws/rubikpi_ros2/hw_5/install/hw_5/share/hw_5/configs//apriltags_position.yaml
-- Installing: /home/ubuntu/ros2_ws/rubikpi_ros2/hw_5/install/hw_5/share/hw_5/configs//ekf_slam_params.yaml
-- Installing: /home/ubuntu/ros2_ws/rubikpi_ros2/hw_5/install/hw_5/share/hw_5/configs//arena_with_obstacle.png
-- Installing: /home/ubuntu/ros2_ws/rubikpi_ros2/hw_5/install/hw_5/share/hw_5/configs//ground_truth_landmarks.yaml
-- Installing: /home/ubuntu/ros2_ws/rubikpi_ros2/hw_5/install/hw_5/share/hw_5/configs//landmarks_plot.png
-- Installing: /home/ubuntu/ros2_ws/rubikpi_ros2/hw_5/install/hw_5/share/hw_5/configs//map_layout.png
-- Installing: /home/ubuntu/ros2_ws/rubikpi_ros2/hw_5/install/hw_5/share/ament_index/resource_index/package_run_dependencies/hw_5
-- Installing: /home/ubuntu/ros2_ws/rubikpi_ros2/hw_5/install/hw_5/share/ament_index/resource_index/parent_prefix_path/hw_5
-- Installing: /home/ubuntu/ros2_ws/rubikpi_ros2/hw_5/install/hw_5/share/hw_5/environment/ament_prefix_path.sh
-- Installing: /home/ubuntu/ros2_ws/rubikpi_ros2/hw_5/install/hw_5/share/hw_5/environment/ament_prefix_path.dsv
-- Installing: /home/ubuntu/ros2_ws/rubikpi_ros2/hw_5/install/hw_5/share/hw_5/environment/path.sh
-- Installing: /home/ubuntu/ros2_ws/rubikpi_ros2/hw_5/install/hw_5/share/hw_5/environment/path.dsv
-- Installing: /home/ubuntu/ros2_ws/rubikpi_ros2/hw_5/install/hw_5/share/hw_5/local_setup.bash
-- Installing: /home/ubuntu/ros2_ws/rubikpi_ros2/hw_5/install/hw_5/share/hw_5/local_setup.sh
-- Installing: /home/ubuntu/ros2_ws/rubikpi_ros2/hw_5/install/hw_5/share/hw_5/local_setup.zsh
-- Installing: /home/ubuntu/ros2_ws/rubikpi_ros2/hw_5/install/hw_5/share/hw_5/local_setup.dsv
-- Installing: /home/ubuntu/ros2_ws/rubikpi_ros2/hw_5/install/hw_5/share/hw_5/package.dsv
-- Installing: /home/ubuntu/ros2_ws/rubikpi_ros2/hw_5/install/hw_5/share/ament_index/resource_index/packages/hw_5
-- Installing: /home/ubuntu/ros2_ws/rubikpi_ros2/hw_5/install/hw_5/share/hw_5/cmake/export_hw_5__rosidl_generator_cExport.cmake
-- Installing: /home/ubuntu/ros2_ws/rubikpi_ros2/hw_5/install/hw_5/share/hw_5/cmake/export_hw_5__rosidl_generator_cExport-noconfig.cmake
-- Installing: /home/ubuntu/ros2_ws/rubikpi_ros2/hw_5/install/hw_5/share/hw_5/cmake/export_hw_5__rosidl_typesupport_fastrtps_cExport.cmake
-- Installing: /home/ubuntu/ros2_ws/rubikpi_ros2/hw_5/install/hw_5/share/hw_5/cmake/export_hw_5__rosidl_typesupport_fastrtps_cExport-noconfig.cmake
-- Installing: /home/ubuntu/ros2_ws/rubikpi_ros2/hw_5/install/hw_5/share/hw_5/cmake/hw_5__rosidl_typesupport_introspection_cExport.cmake
-- Installing: /home/ubuntu/ros2_ws/rubikpi_ros2/hw_5/install/hw_5/share/hw_5/cmake/hw_5__rosidl_typesupport_introspection_cExport-noconfig.cmake
-- Installing: /home/ubuntu/ros2_ws/rubikpi_ros2/hw_5/install/hw_5/share/hw_5/cmake/hw_5__rosidl_typesupport_cExport.cmake
-- Installing: /home/ubuntu/ros2_ws/rubikpi_ros2/hw_5/install/hw_5/share/hw_5/cmake/hw_5__rosidl_typesupport_cExport-noconfig.cmake
-- Installing: /home/ubuntu/ros2_ws/rubikpi_ros2/hw_5/install/hw_5/share/hw_5/cmake/export_hw_5__rosidl_generator_cppExport.cmake
-- Installing: /home/ubuntu/ros2_ws/rubikpi_ros2/hw_5/install/hw_5/share/hw_5/cmake/export_hw_5__rosidl_typesupport_fastrtps_cppExport.cmake
-- Installing: /home/ubuntu/ros2_ws/rubikpi_ros2/hw_5/install/hw_5/share/hw_5/cmake/export_hw_5__rosidl_typesupport_fastrtps_cppExport-noconfig.cmake
-- Installing: /home/ubuntu/ros2_ws/rubikpi_ros2/hw_5/install/hw_5/share/hw_5/cmake/hw_5__rosidl_typesupport_introspection_cppExport.cmake
-- Installing: /home/ubuntu/ros2_ws/rubikpi_ros2/hw_5/install/hw_5/share/hw_5/cmake/hw_5__rosidl_typesupport_introspection_cppExport-noconfig.cmake
-- Installing: /home/ubuntu/ros2_ws/rubikpi_ros2/hw_5/install/hw_5/share/hw_5/cmake/hw_5__rosidl_typesupport_cppExport.cmake
-- Installing: /home/ubuntu/ros2_ws/rubikpi_ros2/hw_5/install/hw_5/share/hw_5/cmake/hw_5__rosidl_typesupport_cppExport-noconfig.cmake
-- Installing: /home/ubuntu/ros2_ws/rubikpi_ros2/hw_5/install/hw_5/share/hw_5/cmake/export_hw_5__rosidl_generator_pyExport.cmake
-- Installing: /home/ubuntu/ros2_ws/rubikpi_ros2/hw_5/install/hw_5/share/hw_5/cmake/export_hw_5__rosidl_generator_pyExport-noconfig.cmake
-- Installing: /home/ubuntu/ros2_ws/rubikpi_ros2/hw_5/install/hw_5/share/hw_5/cmake/rosidl_cmake-extras.cmake
-- Installing: /home/ubuntu/ros2_ws/rubikpi_ros2/hw_5/install/hw_5/share/hw_5/cmake/ament_cmake_export_dependencies-extras.cmake
-- Installing: /home/ubuntu/ros2_ws/rubikpi_ros2/hw_5/install/hw_5/share/hw_5/cmake/ament_cmake_export_include_directories-extras.cmake
-- Installing: /home/ubuntu/ros2_ws/rubikpi_ros2/hw_5/install/hw_5/share/hw_5/cmake/ament_cmake_export_libraries-extras.cmake
-- Installing: /home/ubuntu/ros2_ws/rubikpi_ros2/hw_5/install/hw_5/share/hw_5/cmake/ament_cmake_export_targets-extras.cmake
-- Installing: /home/ubuntu/ros2_ws/rubikpi_ros2/hw_5/install/hw_5/share/hw_5/cmake/rosidl_cmake_export_typesupport_targets-extras.cmake
-- Installing: /home/ubuntu/ros2_ws/rubikpi_ros2/hw_5/install/hw_5/share/hw_5/cmake/rosidl_cmake_export_typesupport_libraries-extras.cmake
-- Installing: /home/ubuntu/ros2_ws/rubikpi_ros2/hw_5/install/hw_5/share/hw_5/cmake/hw_5Config.cmake
-- Installing: /home/ubuntu/ros2_ws/rubikpi_ros2/hw_5/install/hw_5/share/hw_5/cmake/hw_5Config-version.cmake
-- Installing: /home/ubuntu/ros2_ws/rubikpi_ros2/hw_5/install/hw_5/share/hw_5/package.xml
