[0.018s] Invoking command in '/home/ubuntu/ros2_ws/rubikpi_ros2/hw_5/build/hw_5': CMAKE_PREFIX_PATH=${CMAKE_PREFIX_PATH}:/home/ubuntu/ros2_ws/install/hw_4:/opt/ros/jazzy /usr/bin/cmake /home/ubuntu/ros2_ws/rubikpi_ros2/hw_5 -DCMAKE_INSTALL_PREFIX=/home/ubuntu/ros2_ws/rubikpi_ros2/hw_5/install/hw_5
[0.059s] -- Found ament_cmake: 2.5.4 (/opt/ros/jazzy/share/ament_cmake/cmake)
[0.108s] -- Found Python3: /usr/bin/python3 (found version "3.12.3") found components: Interpreter 
[0.244s] -- Found rosidl_default_generators: 1.6.0 (/opt/ros/jazzy/share/rosidl_default_generators/cmake)
[0.249s] -- Using all available rosidl_typesupport_c: rosidl_typesupport_fastrtps_c;rosidl_typesupport_introspection_c
[0.306s] -- Using all available rosidl_typesupport_cpp: rosidl_typesupport_fastrtps_cpp;rosidl_typesupport_introspection_cpp
[0.344s] -- Found rosidl_adapter: 4.6.6 (/opt/ros/jazzy/share/rosidl_adapter/cmake)
[0.787s] -- Found ament_cmake_ros: 0.12.0 (/opt/ros/jazzy/share/ament_cmake_ros/cmake)
[0.979s] -- Using all available rosidl_typesupport_c: rosidl_typesupport_fastrtps_c;rosidl_typesupport_introspection_c
[1.257s] -- Using all available rosidl_typesupport_cpp: rosidl_typesupport_fastrtps_cpp;rosidl_typesupport_introspection_cpp
[1.262s] -- Found python_cmake_module: 0.11.1 (/opt/ros/jazzy/share/python_cmake_module/cmake)
[1.753s] -- Found Python3: /usr/bin/python3 (found version "3.12.3") found components: Interpreter Development NumPy Development.Module Development.Embed 
[1.827s] -- Configuring done (1.8s)
[1.886s] -- Generating done (0.0s)
[1.902s] -- Build files have been written to: /home/ubuntu/ros2_ws/rubikpi_ros2/hw_5/build/hw_5
[1.916s] Invoked command in '/home/ubuntu/ros2_ws/rubikpi_ros2/hw_5/build/hw_5' returned '0': CMAKE_PREFIX_PATH=${CMAKE_PREFIX_PATH}:/home/ubuntu/ros2_ws/install/hw_4:/opt/ros/jazzy /usr/bin/cmake /home/ubuntu/ros2_ws/rubikpi_ros2/hw_5 -DCMAKE_INSTALL_PREFIX=/home/ubuntu/ros2_ws/rubikpi_ros2/hw_5/install/hw_5
[1.925s] Invoking command in '/home/ubuntu/ros2_ws/rubikpi_ros2/hw_5/build/hw_5': CMAKE_PREFIX_PATH=${CMAKE_PREFIX_PATH}:/home/ubuntu/ros2_ws/install/hw_4:/opt/ros/jazzy /usr/bin/cmake --build /home/ubuntu/ros2_ws/rubikpi_ros2/hw_5/build/hw_5 -- -j8 -l8
[2.093s] [  2%] Generating type hashes for ROS interfaces
[2.095s] [  2%] Built target ament_cmake_python_copy_hw_5
[2.395s] [  2%] Built target hw_5__rosidl_generator_type_description
[2.430s] [  5%] Generating C code for ROS interfaces
[2.451s] [  8%] Generating C++ code for ROS interfaces
[2.492s] running egg_info
[2.493s] creating hw_5.egg-info
[2.526s] writing hw_5.egg-info/PKG-INFO
[2.527s] writing dependency_links to hw_5.egg-info/dependency_links.txt
[2.528s] writing top-level names to hw_5.egg-info/top_level.txt
[2.529s] writing manifest file 'hw_5.egg-info/SOURCES.txt'
[2.621s] reading manifest file 'hw_5.egg-info/SOURCES.txt'
[2.623s] writing manifest file 'hw_5.egg-info/SOURCES.txt'
[2.689s] [  8%] Built target ament_cmake_python_build_hw_5_egg
[2.944s] [ 11%] Building C object CMakeFiles/hw_5__rosidl_generator_c.dir/rosidl_generator_c/hw_5/srv/detail/get_workspace_bounds__functions.c.o
[2.946s] [ 11%] Built target hw_5__cpp
[2.963s] [ 14%] Building C object CMakeFiles/hw_5__rosidl_generator_c.dir/rosidl_generator_c/hw_5/srv/detail/get_workspace_bounds__description.c.o
[2.965s] [ 17%] Building C object CMakeFiles/hw_5__rosidl_generator_c.dir/rosidl_generator_c/hw_5/srv/detail/get_workspace_bounds__type_support.c.o
[3.099s] [ 20%] Linking C shared library libhw_5__rosidl_generator_c.so
[3.178s] [ 20%] Built target hw_5__rosidl_generator_c
[3.200s] [ 23%] Generating C++ type support for eProsima Fast-RTPS
[3.204s] [ 26%] Generating C type support for eProsima Fast-RTPS
[3.205s] [ 32%] Generating C introspection for ROS interfaces
[3.207s] [ 29%] Generating C++ introspection for ROS interfaces
[3.226s] [ 35%] Generating C++ type support dispatch for ROS interfaces
[3.227s] [ 38%] Generating C type support dispatch for ROS interfaces
[3.664s] [ 41%] Building C object CMakeFiles/hw_5__rosidl_typesupport_introspection_c.dir/rosidl_typesupport_introspection_c/hw_5/srv/detail/get_workspace_bounds__type_support.c.o
[3.744s] [ 44%] Building CXX object CMakeFiles/hw_5__rosidl_typesupport_introspection_cpp.dir/rosidl_typesupport_introspection_cpp/hw_5/srv/detail/get_workspace_bounds__type_support.cpp.o
[3.794s] [ 47%] Linking C shared library libhw_5__rosidl_typesupport_introspection_c.so
[3.810s] [ 50%] Building CXX object CMakeFiles/hw_5__rosidl_typesupport_fastrtps_cpp.dir/rosidl_typesupport_fastrtps_cpp/hw_5/srv/detail/dds_fastrtps/get_workspace_bounds__type_support.cpp.o
[3.863s] [ 52%] Building CXX object CMakeFiles/hw_5__rosidl_typesupport_fastrtps_c.dir/rosidl_typesupport_fastrtps_c/hw_5/srv/detail/get_workspace_bounds__type_support_c.cpp.o
[3.884s] [ 55%] Built target hw_5__rosidl_typesupport_introspection_c
[3.888s] [ 55%] Building CXX object CMakeFiles/hw_5__rosidl_typesupport_cpp.dir/rosidl_typesupport_cpp/hw_5/srv/get_workspace_bounds__type_support.cpp.o
[3.980s] [ 58%] Building CXX object CMakeFiles/hw_5__rosidl_typesupport_c.dir/rosidl_typesupport_c/hw_5/srv/get_workspace_bounds__type_support.cpp.o
[4.244s] [ 61%] Linking CXX shared library libhw_5__rosidl_typesupport_c.so
[4.475s] [ 61%] Built target hw_5__rosidl_typesupport_c
[4.631s] [ 64%] Linking CXX shared library libhw_5__rosidl_typesupport_introspection_cpp.so
[4.681s] [ 67%] Linking CXX shared library libhw_5__rosidl_typesupport_cpp.so
[4.869s] [ 67%] Built target hw_5__rosidl_typesupport_introspection_cpp
[4.916s] [ 67%] Built target hw_5__rosidl_typesupport_cpp
[4.919s] [ 70%] Linking CXX shared library libhw_5__rosidl_typesupport_fastrtps_c.so
[5.006s] [ 70%] Built target hw_5__rosidl_typesupport_fastrtps_c
[5.092s] [ 73%] Linking CXX shared library libhw_5__rosidl_typesupport_fastrtps_cpp.so
[5.253s] [ 73%] Built target hw_5__rosidl_typesupport_fastrtps_cpp
[5.316s] [ 73%] Built target hw_5
[5.397s] [ 76%] Generating Python code for ROS interfaces
[5.972s] [ 76%] Built target hw_5__py
[6.013s] [ 79%] Building C object CMakeFiles/hw_5__rosidl_generator_py.dir/rosidl_generator_py/hw_5/srv/_get_workspace_bounds_s.c.o
[6.246s] [ 82%] Linking C shared library libhw_5__rosidl_generator_py.so
[6.332s] [ 82%] Built target hw_5__rosidl_generator_py
[6.400s] [ 85%] Building C object CMakeFiles/hw_5_s__rosidl_typesupport_c.dir/rosidl_generator_py/hw_5/_hw_5_s.ep.rosidl_typesupport_c.c.o
[6.406s] [ 88%] Building C object CMakeFiles/hw_5_s__rosidl_typesupport_fastrtps_c.dir/rosidl_generator_py/hw_5/_hw_5_s.ep.rosidl_typesupport_fastrtps_c.c.o
[6.414s] [ 91%] Building C object CMakeFiles/hw_5_s__rosidl_typesupport_introspection_c.dir/rosidl_generator_py/hw_5/_hw_5_s.ep.rosidl_typesupport_introspection_c.c.o
[6.600s] [ 94%] Linking C shared module rosidl_generator_py/hw_5/hw_5_s__rosidl_typesupport_c.so
[6.609s] [ 97%] Linking C shared module rosidl_generator_py/hw_5/hw_5_s__rosidl_typesupport_fastrtps_c.so
[6.621s] [100%] Linking C shared module rosidl_generator_py/hw_5/hw_5_s__rosidl_typesupport_introspection_c.so
[6.660s] [100%] Built target hw_5_s__rosidl_typesupport_fastrtps_c
[6.699s] [100%] Built target hw_5_s__rosidl_typesupport_c
[6.726s] [100%] Built target hw_5_s__rosidl_typesupport_introspection_c
[6.756s] Invoked command in '/home/ubuntu/ros2_ws/rubikpi_ros2/hw_5/build/hw_5' returned '0': CMAKE_PREFIX_PATH=${CMAKE_PREFIX_PATH}:/home/ubuntu/ros2_ws/install/hw_4:/opt/ros/jazzy /usr/bin/cmake --build /home/ubuntu/ros2_ws/rubikpi_ros2/hw_5/build/hw_5 -- -j8 -l8
[6.782s] Invoking command in '/home/ubuntu/ros2_ws/rubikpi_ros2/hw_5/build/hw_5': CMAKE_PREFIX_PATH=${CMAKE_PREFIX_PATH}:/home/ubuntu/ros2_ws/install/hw_4:/opt/ros/jazzy /usr/bin/cmake --install /home/ubuntu/ros2_ws/rubikpi_ros2/hw_5/build/hw_5
[6.800s] -- Install configuration: ""
[6.802s] -- Installing: /home/ubuntu/ros2_ws/rubikpi_ros2/hw_5/install/hw_5/share/ament_index/resource_index/rosidl_interfaces/hw_5
[6.803s] -- Installing: /home/ubuntu/ros2_ws/rubikpi_ros2/hw_5/install/hw_5/share/hw_5/srv/GetWorkspaceBounds.json
[6.803s] -- Installing: /home/ubuntu/ros2_ws/rubikpi_ros2/hw_5/install/hw_5/include/hw_5/hw_5
[6.804s] -- Installing: /home/ubuntu/ros2_ws/rubikpi_ros2/hw_5/install/hw_5/include/hw_5/hw_5/msg
[6.804s] -- Installing: /home/ubuntu/ros2_ws/rubikpi_ros2/hw_5/install/hw_5/include/hw_5/hw_5/msg/rosidl_generator_c__visibility_control.h
[6.805s] -- Installing: /home/ubuntu/ros2_ws/rubikpi_ros2/hw_5/install/hw_5/include/hw_5/hw_5/srv
[6.805s] -- Installing: /home/ubuntu/ros2_ws/rubikpi_ros2/hw_5/install/hw_5/include/hw_5/hw_5/srv/get_workspace_bounds.h
[6.806s] -- Installing: /home/ubuntu/ros2_ws/rubikpi_ros2/hw_5/install/hw_5/include/hw_5/hw_5/srv/detail
[6.810s] -- Installing: /home/ubuntu/ros2_ws/rubikpi_ros2/hw_5/install/hw_5/include/hw_5/hw_5/srv/detail/get_workspace_bounds__type_support.h
[6.812s] -- Installing: /home/ubuntu/ros2_ws/rubikpi_ros2/hw_5/install/hw_5/include/hw_5/hw_5/srv/detail/get_workspace_bounds__description.c
[6.812s] -- Installing: /home/ubuntu/ros2_ws/rubikpi_ros2/hw_5/install/hw_5/include/hw_5/hw_5/srv/detail/get_workspace_bounds__functions.c
[6.813s] -- Installing: /home/ubuntu/ros2_ws/rubikpi_ros2/hw_5/install/hw_5/include/hw_5/hw_5/srv/detail/get_workspace_bounds__struct.h
[6.813s] -- Installing: /home/ubuntu/ros2_ws/rubikpi_ros2/hw_5/install/hw_5/include/hw_5/hw_5/srv/detail/get_workspace_bounds__functions.h
[6.814s] -- Installing: /home/ubuntu/ros2_ws/rubikpi_ros2/hw_5/install/hw_5/include/hw_5/hw_5/srv/detail/get_workspace_bounds__type_support.c
[6.815s] -- Installing: /home/ubuntu/ros2_ws/rubikpi_ros2/hw_5/install/hw_5/share/hw_5/environment/library_path.sh
[6.816s] -- Installing: /home/ubuntu/ros2_ws/rubikpi_ros2/hw_5/install/hw_5/share/hw_5/environment/library_path.dsv
[6.816s] -- Installing: /home/ubuntu/ros2_ws/rubikpi_ros2/hw_5/install/hw_5/lib/libhw_5__rosidl_generator_c.so
[6.817s] -- Set non-toolchain portion of runtime path of "/home/ubuntu/ros2_ws/rubikpi_ros2/hw_5/install/hw_5/lib/libhw_5__rosidl_generator_c.so" to ""
[6.818s] -- Up-to-date: /home/ubuntu/ros2_ws/rubikpi_ros2/hw_5/install/hw_5/include/hw_5/hw_5
[6.818s] -- Up-to-date: /home/ubuntu/ros2_ws/rubikpi_ros2/hw_5/install/hw_5/include/hw_5/hw_5/msg
[6.819s] -- Installing: /home/ubuntu/ros2_ws/rubikpi_ros2/hw_5/install/hw_5/include/hw_5/hw_5/msg/rosidl_typesupport_fastrtps_c__visibility_control.h
[6.819s] -- Up-to-date: /home/ubuntu/ros2_ws/rubikpi_ros2/hw_5/install/hw_5/include/hw_5/hw_5/srv
[6.820s] -- Up-to-date: /home/ubuntu/ros2_ws/rubikpi_ros2/hw_5/install/hw_5/include/hw_5/hw_5/srv/detail
[6.820s] -- Installing: /home/ubuntu/ros2_ws/rubikpi_ros2/hw_5/install/hw_5/include/hw_5/hw_5/srv/detail/get_workspace_bounds__rosidl_typesupport_fastrtps_c.h
[6.821s] -- Installing: /home/ubuntu/ros2_ws/rubikpi_ros2/hw_5/install/hw_5/lib/libhw_5__rosidl_typesupport_fastrtps_c.so
[6.821s] -- Set non-toolchain portion of runtime path of "/home/ubuntu/ros2_ws/rubikpi_ros2/hw_5/install/hw_5/lib/libhw_5__rosidl_typesupport_fastrtps_c.so" to ""
[6.822s] -- Up-to-date: /home/ubuntu/ros2_ws/rubikpi_ros2/hw_5/install/hw_5/include/hw_5/hw_5
[6.822s] -- Up-to-date: /home/ubuntu/ros2_ws/rubikpi_ros2/hw_5/install/hw_5/include/hw_5/hw_5/msg
[6.823s] -- Installing: /home/ubuntu/ros2_ws/rubikpi_ros2/hw_5/install/hw_5/include/hw_5/hw_5/msg/rosidl_typesupport_introspection_c__visibility_control.h
[6.823s] -- Up-to-date: /home/ubuntu/ros2_ws/rubikpi_ros2/hw_5/install/hw_5/include/hw_5/hw_5/srv
[6.824s] -- Up-to-date: /home/ubuntu/ros2_ws/rubikpi_ros2/hw_5/install/hw_5/include/hw_5/hw_5/srv/detail
[6.824s] -- Installing: /home/ubuntu/ros2_ws/rubikpi_ros2/hw_5/install/hw_5/include/hw_5/hw_5/srv/detail/get_workspace_bounds__rosidl_typesupport_introspection_c.h
[6.824s] -- Up-to-date: /home/ubuntu/ros2_ws/rubikpi_ros2/hw_5/install/hw_5/include/hw_5/hw_5/srv/detail/get_workspace_bounds__type_support.c
[6.825s] -- Installing: /home/ubuntu/ros2_ws/rubikpi_ros2/hw_5/install/hw_5/lib/libhw_5__rosidl_typesupport_introspection_c.so
[6.825s] -- Set non-toolchain portion of runtime path of "/home/ubuntu/ros2_ws/rubikpi_ros2/hw_5/install/hw_5/lib/libhw_5__rosidl_typesupport_introspection_c.so" to ""
[6.826s] -- Installing: /home/ubuntu/ros2_ws/rubikpi_ros2/hw_5/install/hw_5/lib/libhw_5__rosidl_typesupport_c.so
[6.826s] -- Set non-toolchain portion of runtime path of "/home/ubuntu/ros2_ws/rubikpi_ros2/hw_5/install/hw_5/lib/libhw_5__rosidl_typesupport_c.so" to ""
[6.827s] -- Up-to-date: /home/ubuntu/ros2_ws/rubikpi_ros2/hw_5/install/hw_5/include/hw_5/hw_5
[6.827s] -- Up-to-date: /home/ubuntu/ros2_ws/rubikpi_ros2/hw_5/install/hw_5/include/hw_5/hw_5/msg
[6.828s] -- Installing: /home/ubuntu/ros2_ws/rubikpi_ros2/hw_5/install/hw_5/include/hw_5/hw_5/msg/rosidl_generator_cpp__visibility_control.hpp
[6.828s] -- Up-to-date: /home/ubuntu/ros2_ws/rubikpi_ros2/hw_5/install/hw_5/include/hw_5/hw_5/srv
[6.829s] -- Up-to-date: /home/ubuntu/ros2_ws/rubikpi_ros2/hw_5/install/hw_5/include/hw_5/hw_5/srv/detail
[6.829s] -- Installing: /home/ubuntu/ros2_ws/rubikpi_ros2/hw_5/install/hw_5/include/hw_5/hw_5/srv/detail/get_workspace_bounds__builder.hpp
[6.830s] -- Installing: /home/ubuntu/ros2_ws/rubikpi_ros2/hw_5/install/hw_5/include/hw_5/hw_5/srv/detail/get_workspace_bounds__struct.hpp
[6.831s] -- Installing: /home/ubuntu/ros2_ws/rubikpi_ros2/hw_5/install/hw_5/include/hw_5/hw_5/srv/detail/get_workspace_bounds__traits.hpp
[6.831s] -- Installing: /home/ubuntu/ros2_ws/rubikpi_ros2/hw_5/install/hw_5/include/hw_5/hw_5/srv/detail/get_workspace_bounds__type_support.hpp
[6.832s] -- Installing: /home/ubuntu/ros2_ws/rubikpi_ros2/hw_5/install/hw_5/include/hw_5/hw_5/srv/get_workspace_bounds.hpp
[6.832s] -- Up-to-date: /home/ubuntu/ros2_ws/rubikpi_ros2/hw_5/install/hw_5/include/hw_5/hw_5
[6.832s] -- Up-to-date: /home/ubuntu/ros2_ws/rubikpi_ros2/hw_5/install/hw_5/include/hw_5/hw_5/msg
[6.833s] -- Installing: /home/ubuntu/ros2_ws/rubikpi_ros2/hw_5/install/hw_5/include/hw_5/hw_5/msg/rosidl_typesupport_fastrtps_cpp__visibility_control.h
[6.833s] -- Up-to-date: /home/ubuntu/ros2_ws/rubikpi_ros2/hw_5/install/hw_5/include/hw_5/hw_5/srv
[6.834s] -- Up-to-date: /home/ubuntu/ros2_ws/rubikpi_ros2/hw_5/install/hw_5/include/hw_5/hw_5/srv/detail
[6.834s] -- Installing: /home/ubuntu/ros2_ws/rubikpi_ros2/hw_5/install/hw_5/include/hw_5/hw_5/srv/detail/dds_fastrtps
[6.835s] -- Installing: /home/ubuntu/ros2_ws/rubikpi_ros2/hw_5/install/hw_5/include/hw_5/hw_5/srv/detail/get_workspace_bounds__rosidl_typesupport_fastrtps_cpp.hpp
[6.835s] -- Installing: /home/ubuntu/ros2_ws/rubikpi_ros2/hw_5/install/hw_5/lib/libhw_5__rosidl_typesupport_fastrtps_cpp.so
[6.835s] -- Set non-toolchain portion of runtime path of "/home/ubuntu/ros2_ws/rubikpi_ros2/hw_5/install/hw_5/lib/libhw_5__rosidl_typesupport_fastrtps_cpp.so" to ""
[6.836s] -- Up-to-date: /home/ubuntu/ros2_ws/rubikpi_ros2/hw_5/install/hw_5/include/hw_5/hw_5
[6.836s] -- Up-to-date: /home/ubuntu/ros2_ws/rubikpi_ros2/hw_5/install/hw_5/include/hw_5/hw_5/srv
[6.837s] -- Up-to-date: /home/ubuntu/ros2_ws/rubikpi_ros2/hw_5/install/hw_5/include/hw_5/hw_5/srv/detail
[6.837s] -- Installing: /home/ubuntu/ros2_ws/rubikpi_ros2/hw_5/install/hw_5/include/hw_5/hw_5/srv/detail/get_workspace_bounds__rosidl_typesupport_introspection_cpp.hpp
[6.838s] -- Installing: /home/ubuntu/ros2_ws/rubikpi_ros2/hw_5/install/hw_5/include/hw_5/hw_5/srv/detail/get_workspace_bounds__type_support.cpp
[6.838s] -- Installing: /home/ubuntu/ros2_ws/rubikpi_ros2/hw_5/install/hw_5/lib/libhw_5__rosidl_typesupport_introspection_cpp.so
[6.838s] -- Set non-toolchain portion of runtime path of "/home/ubuntu/ros2_ws/rubikpi_ros2/hw_5/install/hw_5/lib/libhw_5__rosidl_typesupport_introspection_cpp.so" to ""
[6.839s] -- Installing: /home/ubuntu/ros2_ws/rubikpi_ros2/hw_5/install/hw_5/lib/libhw_5__rosidl_typesupport_cpp.so
[6.839s] -- Set non-toolchain portion of runtime path of "/home/ubuntu/ros2_ws/rubikpi_ros2/hw_5/install/hw_5/lib/libhw_5__rosidl_typesupport_cpp.so" to ""
[6.840s] -- Installing: /home/ubuntu/ros2_ws/rubikpi_ros2/hw_5/install/hw_5/share/hw_5/environment/pythonpath.sh
[6.840s] -- Installing: /home/ubuntu/ros2_ws/rubikpi_ros2/hw_5/install/hw_5/share/hw_5/environment/pythonpath.dsv
[6.841s] -- Installing: /home/ubuntu/ros2_ws/rubikpi_ros2/hw_5/install/hw_5/lib/python3.12/site-packages/hw_5-0.0.0-py3.12.egg-info
[6.841s] -- Installing: /home/ubuntu/ros2_ws/rubikpi_ros2/hw_5/install/hw_5/lib/python3.12/site-packages/hw_5-0.0.0-py3.12.egg-info/PKG-INFO
[6.842s] -- Installing: /home/ubuntu/ros2_ws/rubikpi_ros2/hw_5/install/hw_5/lib/python3.12/site-packages/hw_5-0.0.0-py3.12.egg-info/top_level.txt
[6.842s] -- Installing: /home/ubuntu/ros2_ws/rubikpi_ros2/hw_5/install/hw_5/lib/python3.12/site-packages/hw_5-0.0.0-py3.12.egg-info/dependency_links.txt
[6.843s] -- Installing: /home/ubuntu/ros2_ws/rubikpi_ros2/hw_5/install/hw_5/lib/python3.12/site-packages/hw_5-0.0.0-py3.12.egg-info/SOURCES.txt
[6.843s] -- Installing: /home/ubuntu/ros2_ws/rubikpi_ros2/hw_5/install/hw_5/lib/python3.12/site-packages/hw_5
[6.844s] -- Installing: /home/ubuntu/ros2_ws/rubikpi_ros2/hw_5/install/hw_5/lib/python3.12/site-packages/hw_5/_hw_5_s.ep.rosidl_typesupport_fastrtps_c.c
[6.844s] -- Installing: /home/ubuntu/ros2_ws/rubikpi_ros2/hw_5/install/hw_5/lib/python3.12/site-packages/hw_5/__init__.py
[6.845s] -- Installing: /home/ubuntu/ros2_ws/rubikpi_ros2/hw_5/install/hw_5/lib/python3.12/site-packages/hw_5/_hw_5_s.ep.rosidl_typesupport_introspection_c.c
[6.845s] -- Installing: /home/ubuntu/ros2_ws/rubikpi_ros2/hw_5/install/hw_5/lib/python3.12/site-packages/hw_5/_hw_5_s.ep.rosidl_typesupport_c.c
[6.846s] -- Installing: /home/ubuntu/ros2_ws/rubikpi_ros2/hw_5/install/hw_5/lib/python3.12/site-packages/hw_5/hw_5_s__rosidl_typesupport_introspection_c.so
[6.846s] -- Installing: /home/ubuntu/ros2_ws/rubikpi_ros2/hw_5/install/hw_5/lib/python3.12/site-packages/hw_5/hw_5_s__rosidl_typesupport_fastrtps_c.so
[6.847s] -- Installing: /home/ubuntu/ros2_ws/rubikpi_ros2/hw_5/install/hw_5/lib/python3.12/site-packages/hw_5/srv
[6.847s] -- Installing: /home/ubuntu/ros2_ws/rubikpi_ros2/hw_5/install/hw_5/lib/python3.12/site-packages/hw_5/srv/__init__.py
[6.847s] -- Installing: /home/ubuntu/ros2_ws/rubikpi_ros2/hw_5/install/hw_5/lib/python3.12/site-packages/hw_5/srv/_get_workspace_bounds.py
[6.848s] -- Installing: /home/ubuntu/ros2_ws/rubikpi_ros2/hw_5/install/hw_5/lib/python3.12/site-packages/hw_5/srv/_get_workspace_bounds_s.c
[6.848s] -- Installing: /home/ubuntu/ros2_ws/rubikpi_ros2/hw_5/install/hw_5/lib/python3.12/site-packages/hw_5/hw_5_s__rosidl_typesupport_c.so
[6.879s] Listing '/home/ubuntu/ros2_ws/rubikpi_ros2/hw_5/install/hw_5/lib/python3.12/site-packages/hw_5'...
[6.879s] Compiling '/home/ubuntu/ros2_ws/rubikpi_ros2/hw_5/install/hw_5/lib/python3.12/site-packages/hw_5/__init__.py'...
[6.879s] Listing '/home/ubuntu/ros2_ws/rubikpi_ros2/hw_5/install/hw_5/lib/python3.12/site-packages/hw_5/srv'...
[6.880s] Compiling '/home/ubuntu/ros2_ws/rubikpi_ros2/hw_5/install/hw_5/lib/python3.12/site-packages/hw_5/srv/__init__.py'...
[6.880s] Compiling '/home/ubuntu/ros2_ws/rubikpi_ros2/hw_5/install/hw_5/lib/python3.12/site-packages/hw_5/srv/_get_workspace_bounds.py'...
[6.892s] -- Installing: /home/ubuntu/ros2_ws/rubikpi_ros2/hw_5/install/hw_5/lib/python3.12/site-packages/hw_5/hw_5_s__rosidl_typesupport_fastrtps_c.so
[6.901s] -- Set non-toolchain portion of runtime path of "/home/ubuntu/ros2_ws/rubikpi_ros2/hw_5/install/hw_5/lib/python3.12/site-packages/hw_5/hw_5_s__rosidl_typesupport_fastrtps_c.so" to ""
[6.904s] -- Installing: /home/ubuntu/ros2_ws/rubikpi_ros2/hw_5/install/hw_5/lib/python3.12/site-packages/hw_5/hw_5_s__rosidl_typesupport_introspection_c.so
[6.905s] -- Set non-toolchain portion of runtime path of "/home/ubuntu/ros2_ws/rubikpi_ros2/hw_5/install/hw_5/lib/python3.12/site-packages/hw_5/hw_5_s__rosidl_typesupport_introspection_c.so" to ""
[6.907s] -- Installing: /home/ubuntu/ros2_ws/rubikpi_ros2/hw_5/install/hw_5/lib/python3.12/site-packages/hw_5/hw_5_s__rosidl_typesupport_c.so
[6.907s] -- Set non-toolchain portion of runtime path of "/home/ubuntu/ros2_ws/rubikpi_ros2/hw_5/install/hw_5/lib/python3.12/site-packages/hw_5/hw_5_s__rosidl_typesupport_c.so" to ""
[6.908s] -- Installing: /home/ubuntu/ros2_ws/rubikpi_ros2/hw_5/install/hw_5/lib/libhw_5__rosidl_generator_py.so
[6.908s] -- Set non-toolchain portion of runtime path of "/home/ubuntu/ros2_ws/rubikpi_ros2/hw_5/install/hw_5/lib/libhw_5__rosidl_generator_py.so" to ""
[6.909s] -- Installing: /home/ubuntu/ros2_ws/rubikpi_ros2/hw_5/install/hw_5/share/hw_5/srv/GetWorkspaceBounds.idl
[6.909s] -- Installing: /home/ubuntu/ros2_ws/rubikpi_ros2/hw_5/install/hw_5/share/hw_5/srv/GetWorkspaceBounds.srv
[6.910s] -- Up-to-date: /home/ubuntu/ros2_ws/rubikpi_ros2/hw_5/install/hw_5/lib/python3.12/site-packages/hw_5
[6.911s] -- Installing: /home/ubuntu/ros2_ws/rubikpi_ros2/hw_5/install/hw_5/lib/python3.12/site-packages/hw_5/__init__.py
[6.914s] -- Installing: /home/ubuntu/ros2_ws/rubikpi_ros2/hw_5/install/hw_5/lib/python3.12/site-packages/hw_5/camera_tf.py
[6.915s] -- Installing: /home/ubuntu/ros2_ws/rubikpi_ros2/hw_5/install/hw_5/lib/python3.12/site-packages/hw_5/ekf_slam_core.py
[6.917s] -- Installing: /home/ubuntu/ros2_ws/rubikpi_ros2/hw_5/install/hw_5/lib/python3.12/site-packages/hw_5/ekf_slam_node.py
[6.919s] -- Installing: /home/ubuntu/ros2_ws/rubikpi_ros2/hw_5/install/hw_5/lib/python3.12/site-packages/hw_5/velocity_mapping.py
[6.920s] -- Installing: /home/ubuntu/ros2_ws/rubikpi_ros2/hw_5/install/hw_5/lib/python3.12/site-packages/hw_5/plot_slam_results.py
[6.923s] -- Installing: /home/ubuntu/ros2_ws/rubikpi_ros2/hw_5/install/hw_5/lib/python3.12/site-packages/hw_5/motor_control.py
[6.926s] -- Installing: /home/ubuntu/ros2_ws/rubikpi_ros2/hw_5/install/hw_5/lib/python3.12/site-packages/hw_5/hw5.py
[6.933s] -- Up-to-date: /home/ubuntu/ros2_ws/rubikpi_ros2/hw_5/install/hw_5/lib/python3.12/site-packages/hw_5/__pycache__
[6.939s] -- Installing: /home/ubuntu/ros2_ws/rubikpi_ros2/hw_5/install/hw_5/lib/hw_5/motor_control.py
[6.942s] -- Installing: /home/ubuntu/ros2_ws/rubikpi_ros2/hw_5/install/hw_5/lib/hw_5/velocity_mapping.py
[6.944s] -- Installing: /home/ubuntu/ros2_ws/rubikpi_ros2/hw_5/install/hw_5/lib/hw_5/hw5.py
[6.945s] -- Installing: /home/ubuntu/ros2_ws/rubikpi_ros2/hw_5/install/hw_5/lib/hw_5/camera_tf.py
[6.946s] -- Installing: /home/ubuntu/ros2_ws/rubikpi_ros2/hw_5/install/hw_5/lib/hw_5/ekf_slam_node.py
[6.947s] -- Installing: /home/ubuntu/ros2_ws/rubikpi_ros2/hw_5/install/hw_5/share/hw_5/launch/
[6.948s] -- Installing: /home/ubuntu/ros2_ws/rubikpi_ros2/hw_5/install/hw_5/share/hw_5/launch//hw5.launch.py
[6.949s] -- Installing: /home/ubuntu/ros2_ws/rubikpi_ros2/hw_5/install/hw_5/share/hw_5/launch//ekf_slam.launch.py
[6.950s] -- Installing: /home/ubuntu/ros2_ws/rubikpi_ros2/hw_5/install/hw_5/share/hw_5/configs/
[6.951s] -- Installing: /home/ubuntu/ros2_ws/rubikpi_ros2/hw_5/install/hw_5/share/hw_5/configs//apriltags_position.yaml
[6.952s] -- Installing: /home/ubuntu/ros2_ws/rubikpi_ros2/hw_5/install/hw_5/share/hw_5/configs//ekf_slam_params.yaml
[6.953s] -- Installing: /home/ubuntu/ros2_ws/rubikpi_ros2/hw_5/install/hw_5/share/hw_5/configs//arena_with_obstacle.png
[6.953s] -- Installing: /home/ubuntu/ros2_ws/rubikpi_ros2/hw_5/install/hw_5/share/hw_5/configs//ground_truth_landmarks.yaml
[6.954s] -- Installing: /home/ubuntu/ros2_ws/rubikpi_ros2/hw_5/install/hw_5/share/hw_5/configs//landmarks_plot.png
[6.955s] -- Installing: /home/ubuntu/ros2_ws/rubikpi_ros2/hw_5/install/hw_5/share/hw_5/configs//map_layout.png
[6.955s] -- Installing: /home/ubuntu/ros2_ws/rubikpi_ros2/hw_5/install/hw_5/share/ament_index/resource_index/package_run_dependencies/hw_5
[6.956s] -- Installing: /home/ubuntu/ros2_ws/rubikpi_ros2/hw_5/install/hw_5/share/ament_index/resource_index/parent_prefix_path/hw_5
[6.957s] -- Installing: /home/ubuntu/ros2_ws/rubikpi_ros2/hw_5/install/hw_5/share/hw_5/environment/ament_prefix_path.sh
[6.957s] -- Installing: /home/ubuntu/ros2_ws/rubikpi_ros2/hw_5/install/hw_5/share/hw_5/environment/ament_prefix_path.dsv
[6.958s] -- Installing: /home/ubuntu/ros2_ws/rubikpi_ros2/hw_5/install/hw_5/share/hw_5/environment/path.sh
[6.959s] -- Installing: /home/ubuntu/ros2_ws/rubikpi_ros2/hw_5/install/hw_5/share/hw_5/environment/path.dsv
[6.960s] -- Installing: /home/ubuntu/ros2_ws/rubikpi_ros2/hw_5/install/hw_5/share/hw_5/local_setup.bash
[6.960s] -- Installing: /home/ubuntu/ros2_ws/rubikpi_ros2/hw_5/install/hw_5/share/hw_5/local_setup.sh
[6.961s] -- Installing: /home/ubuntu/ros2_ws/rubikpi_ros2/hw_5/install/hw_5/share/hw_5/local_setup.zsh
[6.961s] -- Installing: /home/ubuntu/ros2_ws/rubikpi_ros2/hw_5/install/hw_5/share/hw_5/local_setup.dsv
[6.964s] -- Installing: /home/ubuntu/ros2_ws/rubikpi_ros2/hw_5/install/hw_5/share/hw_5/package.dsv
[6.966s] -- Installing: /home/ubuntu/ros2_ws/rubikpi_ros2/hw_5/install/hw_5/share/ament_index/resource_index/packages/hw_5
[6.967s] -- Installing: /home/ubuntu/ros2_ws/rubikpi_ros2/hw_5/install/hw_5/share/hw_5/cmake/export_hw_5__rosidl_generator_cExport.cmake
[6.969s] -- Installing: /home/ubuntu/ros2_ws/rubikpi_ros2/hw_5/install/hw_5/share/hw_5/cmake/export_hw_5__rosidl_generator_cExport-noconfig.cmake
[6.970s] -- Installing: /home/ubuntu/ros2_ws/rubikpi_ros2/hw_5/install/hw_5/share/hw_5/cmake/export_hw_5__rosidl_typesupport_fastrtps_cExport.cmake
[6.974s] -- Installing: /home/ubuntu/ros2_ws/rubikpi_ros2/hw_5/install/hw_5/share/hw_5/cmake/export_hw_5__rosidl_typesupport_fastrtps_cExport-noconfig.cmake
[6.975s] -- Installing: /home/ubuntu/ros2_ws/rubikpi_ros2/hw_5/install/hw_5/share/hw_5/cmake/hw_5__rosidl_typesupport_introspection_cExport.cmake
[6.978s] -- Installing: /home/ubuntu/ros2_ws/rubikpi_ros2/hw_5/install/hw_5/share/hw_5/cmake/hw_5__rosidl_typesupport_introspection_cExport-noconfig.cmake
[6.979s] -- Installing: /home/ubuntu/ros2_ws/rubikpi_ros2/hw_5/install/hw_5/share/hw_5/cmake/hw_5__rosidl_typesupport_cExport.cmake
[6.981s] -- Installing: /home/ubuntu/ros2_ws/rubikpi_ros2/hw_5/install/hw_5/share/hw_5/cmake/hw_5__rosidl_typesupport_cExport-noconfig.cmake
[6.983s] -- Installing: /home/ubuntu/ros2_ws/rubikpi_ros2/hw_5/install/hw_5/share/hw_5/cmake/export_hw_5__rosidl_generator_cppExport.cmake
[6.987s] -- Installing: /home/ubuntu/ros2_ws/rubikpi_ros2/hw_5/install/hw_5/share/hw_5/cmake/export_hw_5__rosidl_typesupport_fastrtps_cppExport.cmake
[6.988s] -- Installing: /home/ubuntu/ros2_ws/rubikpi_ros2/hw_5/install/hw_5/share/hw_5/cmake/export_hw_5__rosidl_typesupport_fastrtps_cppExport-noconfig.cmake
[6.990s] -- Installing: /home/ubuntu/ros2_ws/rubikpi_ros2/hw_5/install/hw_5/share/hw_5/cmake/hw_5__rosidl_typesupport_introspection_cppExport.cmake
[6.994s] -- Installing: /home/ubuntu/ros2_ws/rubikpi_ros2/hw_5/install/hw_5/share/hw_5/cmake/hw_5__rosidl_typesupport_introspection_cppExport-noconfig.cmake
[6.996s] -- Installing: /home/ubuntu/ros2_ws/rubikpi_ros2/hw_5/install/hw_5/share/hw_5/cmake/hw_5__rosidl_typesupport_cppExport.cmake
[6.996s] -- Installing: /home/ubuntu/ros2_ws/rubikpi_ros2/hw_5/install/hw_5/share/hw_5/cmake/hw_5__rosidl_typesupport_cppExport-noconfig.cmake
[6.998s] -- Installing: /home/ubuntu/ros2_ws/rubikpi_ros2/hw_5/install/hw_5/share/hw_5/cmake/export_hw_5__rosidl_generator_pyExport.cmake
[6.999s] -- Installing: /home/ubuntu/ros2_ws/rubikpi_ros2/hw_5/install/hw_5/share/hw_5/cmake/export_hw_5__rosidl_generator_pyExport-noconfig.cmake
[7.002s] -- Installing: /home/ubuntu/ros2_ws/rubikpi_ros2/hw_5/install/hw_5/share/hw_5/cmake/rosidl_cmake-extras.cmake
[7.008s] -- Installing: /home/ubuntu/ros2_ws/rubikpi_ros2/hw_5/install/hw_5/share/hw_5/cmake/ament_cmake_export_dependencies-extras.cmake
[7.009s] -- Installing: /home/ubuntu/ros2_ws/rubikpi_ros2/hw_5/install/hw_5/share/hw_5/cmake/ament_cmake_export_include_directories-extras.cmake
[7.010s] -- Installing: /home/ubuntu/ros2_ws/rubikpi_ros2/hw_5/install/hw_5/share/hw_5/cmake/ament_cmake_export_libraries-extras.cmake
[7.014s] -- Installing: /home/ubuntu/ros2_ws/rubikpi_ros2/hw_5/install/hw_5/share/hw_5/cmake/ament_cmake_export_targets-extras.cmake
[7.015s] -- Installing: /home/ubuntu/ros2_ws/rubikpi_ros2/hw_5/install/hw_5/share/hw_5/cmake/rosidl_cmake_export_typesupport_targets-extras.cmake
[7.019s] -- Installing: /home/ubuntu/ros2_ws/rubikpi_ros2/hw_5/install/hw_5/share/hw_5/cmake/rosidl_cmake_export_typesupport_libraries-extras.cmake
[7.020s] -- Installing: /home/ubuntu/ros2_ws/rubikpi_ros2/hw_5/install/hw_5/share/hw_5/cmake/hw_5Config.cmake
[7.023s] -- Installing: /home/ubuntu/ros2_ws/rubikpi_ros2/hw_5/install/hw_5/share/hw_5/cmake/hw_5Config-version.cmake
[7.025s] -- Installing: /home/ubuntu/ros2_ws/rubikpi_ros2/hw_5/install/hw_5/share/hw_5/package.xml
[7.029s] Invoked command in '/home/ubuntu/ros2_ws/rubikpi_ros2/hw_5/build/hw_5' returned '0': CMAKE_PREFIX_PATH=${CMAKE_PREFIX_PATH}:/home/ubuntu/ros2_ws/install/hw_4:/opt/ros/jazzy /usr/bin/cmake --install /home/ubuntu/ros2_ws/rubikpi_ros2/hw_5/build/hw_5
